::1 - - [20/Jul/2025 16:28:21] "GET / HTTP/1.1" 200 -
::1 - - [20/Jul/2025 16:28:39] "GET / HTTP/1.1" 200 -
::1 - - [20/Jul/2025 16:28:39] "GET /js/feature-popup.js HTTP/1.1" 200 -
::1 - - [20/Jul/2025 16:28:39] "GET /css/style.css HTTP/1.1" 200 -
::1 - - [20/Jul/2025 16:28:39] "GET /css/components.css HTTP/1.1" 200 -
::1 - - [20/Jul/2025 16:28:39] "GET /js/tile-source.js HTTP/1.1" 200 -
::1 - - [20/Jul/2025 16:28:39] "GET /js/app.js HTTP/1.1" 200 -
::1 - - [20/Jul/2025 16:28:39] "GET /js/layer-controls.js HTTP/1.1" 200 -
::1 - - [20/Jul/2025 16:28:43] code 404, message File not found
::1 - - [20/Jul/2025 16:28:43] "GET /.well-known/appspecific/com.chrome.devtools.json HTTP/1.1" 404 -
::1 - - [20/Jul/2025 16:32:05] "GET / HTTP/1.1" 304 -
::1 - - [20/Jul/2025 16:32:05] "GET /css/style.css HTTP/1.1" 304 -
::1 - - [20/Jul/2025 16:32:05] "GET /css/components.css HTTP/1.1" 304 -
::1 - - [20/Jul/2025 16:32:05] "GET /js/app.js HTTP/1.1" 304 -
::1 - - [20/Jul/2025 16:32:05] "GET /js/tile-source.js HTTP/1.1" 304 -
::1 - - [20/Jul/2025 16:32:05] "GET /js/feature-popup.js HTTP/1.1" 304 -
::1 - - [20/Jul/2025 16:32:05] "GET /js/layer-controls.js HTTP/1.1" 304 -
::1 - - [20/Jul/2025 16:32:24] code 404, message File not found
::1 - - [20/Jul/2025 16:32:24] "GET /.well-known/appspecific/com.chrome.devtools.json HTTP/1.1" 404 -
::1 - - [20/Jul/2025 16:39:16] "GET / HTTP/1.1" 200 -
::1 - - [20/Jul/2025 16:39:16] "GET /css/style.css HTTP/1.1" 200 -
::1 - - [20/Jul/2025 16:39:16] "GET /css/components.css HTTP/1.1" 200 -
::1 - - [20/Jul/2025 16:39:16] "GET /js/app.js HTTP/1.1" 200 -
::1 - - [20/Jul/2025 16:39:16] "GET /js/layer-controls.js HTTP/1.1" 200 -
::1 - - [20/Jul/2025 16:39:16] "GET /js/feature-popup.js HTTP/1.1" 200 -
::1 - - [20/Jul/2025 16:39:16] "GET /js/tile-source.js HTTP/1.1" 200 -
::1 - - [20/Jul/2025 16:39:16] code 404, message File not found
::1 - - [20/Jul/2025 16:39:16] "GET /.well-known/appspecific/com.chrome.devtools.json HTTP/1.1" 404 -
::1 - - [20/Jul/2025 16:51:21] "GET / HTTP/1.1" 200 -
::1 - - [20/Jul/2025 16:51:21] code 404, message File not found
::1 - - [20/Jul/2025 16:51:21] "GET /.well-known/appspecific/com.chrome.devtools.json HTTP/1.1" 404 -
::1 - - [20/Jul/2025 16:51:21] "GET /js/app.js HTTP/1.1" 200 -
::1 - - [20/Jul/2025 16:51:21] "GET /css/components.css HTTP/1.1" 200 -
::1 - - [20/Jul/2025 16:51:21] "GET /js/layer-controls.js HTTP/1.1" 200 -
::1 - - [20/Jul/2025 16:51:21] "GET /css/style.css HTTP/1.1" 200 -
::1 - - [20/Jul/2025 16:51:21] "GET /js/tile-source.js HTTP/1.1" 200 -
::1 - - [20/Jul/2025 16:51:21] "GET /js/feature-popup.js HTTP/1.1" 200 -
::1 - - [20/Jul/2025 16:51:22] "GET / HTTP/1.1" 200 -
::1 - - [20/Jul/2025 16:51:22] code 404, message File not found
::1 - - [20/Jul/2025 16:51:22] "GET /.well-known/appspecific/com.chrome.devtools.json HTTP/1.1" 404 -
::1 - - [20/Jul/2025 16:51:22] "GET /css/components.css HTTP/1.1" 200 -
::1 - - [20/Jul/2025 16:51:22] "GET /js/app.js HTTP/1.1" 200 -
::1 - - [20/Jul/2025 16:51:22] "GET /js/layer-controls.js HTTP/1.1" 200 -
::1 - - [20/Jul/2025 16:51:22] "GET /css/style.css HTTP/1.1" 200 -
::1 - - [20/Jul/2025 16:51:22] "GET /js/feature-popup.js HTTP/1.1" 200 -
::1 - - [20/Jul/2025 16:51:22] "GET /js/tile-source.js HTTP/1.1" 200 -
::1 - - [20/Jul/2025 17:02:48] "GET / HTTP/1.1" 200 -
::1 - - [20/Jul/2025 17:02:49] code 404, message File not found
::1 - - [20/Jul/2025 17:02:49] "GET /.well-known/appspecific/com.chrome.devtools.json HTTP/1.1" 404 -
::1 - - [20/Jul/2025 17:02:49] "GET /css/style.css HTTP/1.1" 200 -
::1 - - [20/Jul/2025 17:02:49] "GET /css/components.css HTTP/1.1" 200 -
::1 - - [20/Jul/2025 17:02:49] "GET /js/app.js HTTP/1.1" 200 -
::1 - - [20/Jul/2025 17:02:49] "GET /js/layer-controls.js HTTP/1.1" 200 -
::1 - - [20/Jul/2025 17:02:49] "GET /js/tile-source.js HTTP/1.1" 200 -
::1 - - [20/Jul/2025 17:02:49] "GET /js/feature-popup.js HTTP/1.1" 200 -
::1 - - [20/Jul/2025 17:02:51] "GET / HTTP/1.1" 200 -
::1 - - [20/Jul/2025 17:02:51] code 404, message File not found
::1 - - [20/Jul/2025 17:02:51] "GET /.well-known/appspecific/com.chrome.devtools.json HTTP/1.1" 404 -
::1 - - [20/Jul/2025 17:02:51] "GET /css/components.css HTTP/1.1" 200 -
::1 - - [20/Jul/2025 17:02:51] "GET /css/style.css HTTP/1.1" 200 -
::1 - - [20/Jul/2025 17:02:51] "GET /js/layer-controls.js HTTP/1.1" 200 -
::1 - - [20/Jul/2025 17:02:51] "GET /js/feature-popup.js HTTP/1.1" 200 -
::1 - - [20/Jul/2025 17:02:51] "GET /js/tile-source.js HTTP/1.1" 200 -
::1 - - [20/Jul/2025 17:02:51] "GET /js/app.js HTTP/1.1" 200 -
::1 - - [20/Jul/2025 17:09:42] "GET / HTTP/1.1" 200 -
::1 - - [20/Jul/2025 17:09:42] "GET /js/layer-controls.js HTTP/1.1" 200 -
::1 - - [20/Jul/2025 17:09:42] "GET /css/components.css HTTP/1.1" 200 -
::1 - - [20/Jul/2025 17:09:42] "GET /css/style.css HTTP/1.1" 200 -
::1 - - [20/Jul/2025 17:09:42] "GET /js/app.js HTTP/1.1" 200 -
::1 - - [20/Jul/2025 17:09:42] "GET /js/feature-popup.js HTTP/1.1" 200 -
::1 - - [20/Jul/2025 17:09:42] "GET /js/tile-source.js HTTP/1.1" 200 -
::1 - - [20/Jul/2025 17:09:42] code 404, message File not found
::1 - - [20/Jul/2025 17:09:42] "GET /.well-known/appspecific/com.chrome.devtools.json HTTP/1.1" 404 -
