Starting tileserver-gl-light v5.3.1
Using specified config file from config/tileserver.json
Starting server
Listening at http://[::]:8080/
Startup complete
[0mGET /health [32m200[0m 3.812 ms - 2[0m
[0mGET / [32m200[0m 36.293 ms - 5411[0m
[0mGET /index.css [36m304[0m 1.879 ms - -[0m
[0mGET /images/logo.png [36m304[0m 0.533 ms - -[0m
[0mGET /images/placeholder.png [36m304[0m 6.947 ms - -[0m
[0mGET /images/maptiler-logo.svg [36m304[0m 0.374 ms - -[0m
[0mGET /images/header-map-1280px.png [36m304[0m 0.794 ms - -[0m
[0mGET /fonts/OpenSans-Regular.ttf [36m304[0m 1.907 ms - -[0m
[0mGET /fonts/OpenSans-Bold.ttf [36m304[0m 1.532 ms - -[0m
[0mGET /data/co_power_lines/7/25/49.pbf [32m200[0m 11.154 ms - 17795[0m
[0mGET /data/co_power_lines/7/25/48.pbf [32m200[0m 14.787 ms - 25856[0m
[0mGET /data/co_power_lines/7/27/49.pbf [32m200[0m 12.143 ms - 27381[0m
[0mGET /data/co_power_lines/7/26/49.pbf [32m200[0m 19.673 ms - 40883[0m
[0mGET /data/co_power_lines/7/24/48.pbf [32m200[0m 5.259 ms - 1112[0m
[0mGET /data/co_power_lines/7/28/48.pbf [32m204[0m 2.338 ms - -[0m
[0mGET /data/co_power_lines/7/28/49.pbf [32m204[0m 1.909 ms - -[0m
[0mGET /data/co_power_lines/7/24/49.pbf [32m200[0m 6.465 ms - 220[0m
[0mGET /data/co_power_lines/7/27/48.pbf [32m200[0m 23.852 ms - 53630[0m
[0mGET /data/co_railways/7/25/49.pbf [32m200[0m 7.839 ms - 28833[0m
[0mGET /data/co_railways/7/25/48.pbf [32m200[0m 14.339 ms - 32841[0m
[0mGET /data/co_railways/7/27/48.pbf [32m200[0m 15.381 ms - 32060[0m
[0mGET /data/co_railways/7/24/49.pbf [32m200[0m 1.753 ms - 905[0m
[0mGET /data/co_railways/7/24/48.pbf [32m200[0m 3.930 ms - 1139[0m
[0mGET /data/co_railways/7/26/49.pbf [32m200[0m 25.519 ms - 68242[0m
[0mGET /data/co_railways/7/28/48.pbf [32m204[0m 0.564 ms - -[0m
[0mGET /data/co_railways/7/28/49.pbf [32m204[0m 0.633 ms - -[0m
[0mGET /data/co_power_lines/7/26/48.pbf [32m200[0m 58.041 ms - 123780[0m
[0mGET /data/co_railways/7/27/49.pbf [32m200[0m 14.402 ms - 37703[0m
[0mGET /data/co_railways/7/26/48.pbf [32m200[0m 41.618 ms - 137412[0m
[0mGET /data/co_power_lines/7/28/48.pbf [32m204[0m 1.348 ms - -[0m
[0mGET /data/co_power_lines/7/28/49.pbf [32m204[0m 1.226 ms - -[0m
[0mGET /data/co_railways/7/28/48.pbf [32m204[0m 1.205 ms - -[0m
[0mGET /data/co_railways/7/28/49.pbf [32m204[0m 1.093 ms - -[0m
[0mGET /data/co_railways/6/14/24.pbf [32m200[0m 5.683 ms - 6274[0m
[0mGET /data/co_railways/6/12/24.pbf [32m200[0m 13.323 ms - 48194[0m
[0mGET /data/co_railways/6/13/24.pbf [32m200[0m 30.522 ms - 161228[0m
[0mGET /data/co_power_lines/7/25/49.pbf [32m200[0m 8.124 ms - 17795[0m
[0mGET /data/co_power_lines/7/25/48.pbf [32m200[0m 11.909 ms - 25856[0m
[0mGET /data/co_power_lines/7/27/49.pbf [32m200[0m 8.125 ms - 27381[0m
[0mGET /data/co_power_lines/7/26/49.pbf [32m200[0m 14.869 ms - 40883[0m
[0mGET /data/co_power_lines/7/24/48.pbf [32m200[0m 5.766 ms - 1112[0m
[0mGET /data/co_power_lines/7/24/49.pbf [32m200[0m 2.859 ms - 220[0m
[0mGET /data/co_power_lines/7/27/48.pbf [32m200[0m 18.097 ms - 53630[0m
[0mGET /data/co_power_lines/7/26/48.pbf [32m200[0m 46.634 ms - 123780[0m
[0mGET /data/co_power_lines/7/28/48.pbf [32m204[0m 1.778 ms - -[0m
[0mGET /data/co_power_lines/7/28/49.pbf [32m204[0m 1.991 ms - -[0m
[0mGET /data/co_power_lines/6/14/24.pbf [32m200[0m 3.116 ms - 5572[0m
[0mGET /data/co_power_lines/6/12/24.pbf [32m200[0m 7.584 ms - 33648[0m
[0mGET /data/co_power_lines/6/13/24.pbf [32m200[0m 23.334 ms - 124669[0m
[0mGET /data/co_power_lines/6/11/24.pbf [32m204[0m 0.896 ms - -[0m
[0mGET /data/co_power_lines/6/11/23.pbf [32m204[0m 1.215 ms - -[0m
[0mGET /data/co_power_lines/6/14/23.pbf [32m200[0m 2.619 ms - 1349[0m
[0mGET /data/co_power_lines/6/12/23.pbf [32m200[0m 3.622 ms - 8717[0m
[0mGET /data/co_power_lines/6/13/23.pbf [32m200[0m 8.961 ms - 38313[0m
[0mGET /data/co_power_lines/5/5/12.pbf [32m204[0m 2.176 ms - -[0m
[0mGET /data/co_power_lines/5/5/11.pbf [32m204[0m 2.240 ms - -[0m
[0mGET /data/co_power_lines/5/7/11.pbf [32m200[0m 4.998 ms - 12241[0m
[0mGET /data/co_power_lines/5/7/12.pbf [32m200[0m 7.088 ms - 14668[0m
[0mGET /data/co_power_lines/5/6/11.pbf [32m200[0m 18.715 ms - 82769[0m
[0mGET /data/co_power_lines/5/6/12.pbf [32m200[0m 23.027 ms - 102038[0m
[0mGET /data/co_power_lines/8/52/98.pbf [32m200[0m 6.990 ms - 10802[0m
[0mGET /data/co_power_lines/8/52/97.pbf [32m200[0m 10.132 ms - 29137[0m
[0mGET /data/co_power_lines/8/51/98.pbf [32m200[0m 7.180 ms - 9220[0m
[0mGET /data/co_power_lines/8/51/97.pbf [32m200[0m 12.875 ms - 16965[0m
[0mGET /data/co_power_lines/8/54/98.pbf [32m200[0m 5.179 ms - 9371[0m
[0mGET /data/co_power_lines/8/54/97.pbf [32m200[0m 8.246 ms - 16386[0m
[0mGET /data/co_power_lines/8/53/98.pbf [32m200[0m 20.009 ms - 29650[0m
[0mGET /data/co_power_lines/8/53/97.pbf [32m200[0m 33.594 ms - 91068[0m
[0mGET /data/co_roads/8/51/97.pbf [32m200[0m 49.394 ms - 304517[0m
[0mGET /data/co_roads/8/52/98.pbf [32m200[0m 54.148 ms - 326506[0m
[0mGET /data/co_roads/8/52/97.pbf [32m200[0m 68.471 ms - 396007[0m
[0mGET /data/co_roads/8/53/98.pbf [32m200[0m 62.115 ms - 360528[0m
[0mGET /data/co_roads/8/54/97.pbf [32m200[0m 52.377 ms - 185080[0m
[0mGET /data/co_roads/8/53/97.pbf [32m200[0m 80.379 ms - 435209[0m
[0mGET /data/co_roads/8/54/98.pbf [32m200[0m 35.012 ms - 181698[0m
[0mGET /data/co_roads/8/51/98.pbf [32m200[0m 44.749 ms - 296615[0m
[0mGET /data/co_power_lines/9/105/195.pbf [32m200[0m 3.755 ms - 8156[0m
[0mGET /data/co_power_lines/9/105/196.pbf [32m200[0m 7.661 ms - 4623[0m
[0mGET /data/co_power_lines/9/104/196.pbf [32m200[0m 4.802 ms - 4315[0m
[0mGET /data/co_power_lines/9/104/195.pbf [32m200[0m 8.282 ms - 7740[0m
[0mGET /data/co_power_lines/9/103/195.pbf [32m200[0m 2.131 ms - 4449[0m
[0mGET /data/co_power_lines/9/106/195.pbf [32m200[0m 13.274 ms - 29453[0m
[0mGET /data/co_power_lines/9/106/196.pbf [32m200[0m 10.426 ms - 21942[0m
[0mGET /data/co_power_lines/9/103/196.pbf [0m-[0m - ms - -[0m
[0mGET /data/co_power_lines/9/107/195.pbf [32m200[0m 10.948 ms - 25479[0m
[0mGET /data/co_power_lines/9/107/196.pbf [32m200[0m 9.646 ms - 24344[0m
[0mGET /data/co_roads/9/104/195.pbf [32m200[0m 25.474 ms - 138599[0m
[0mGET /data/co_roads/9/104/196.pbf [32m200[0m 28.079 ms - 150114[0m
[0mGET /data/co_roads/9/105/196.pbf [32m200[0m 35.583 ms - 165740[0m
[0mGET /data/co_roads/9/105/195.pbf [32m200[0m 38.759 ms - 193799[0m
[0mGET /data/co_roads/9/106/196.pbf [32m200[0m 49.365 ms - 267633[0m
[0mGET /data/co_roads/9/106/195.pbf [32m200[0m 57.333 ms - 314603[0m
[0mGET /data/co_roads/9/107/196.pbf [32m200[0m 33.253 ms - 197826[0m
[0mGET /data/co_roads/9/107/195.pbf [32m200[0m 34.989 ms - 247340[0m
[0mGET /data/co_power_lines/10/211/391.pbf [32m200[0m 4.113 ms - 2091[0m
[0mGET /data/co_power_lines/10/210/391.pbf [32m200[0m 4.058 ms - 2285[0m
[0mGET /data/co_power_lines/10/212/391.pbf [32m200[0m 3.584 ms - 2374[0m
[0mGET /data/co_power_lines/10/211/392.pbf [32m200[0m 4.232 ms - 1498[0m
[0mGET /data/co_power_lines/10/210/392.pbf [32m200[0m 4.317 ms - 2969[0m
[0mGET /data/co_power_lines/10/212/392.pbf [32m200[0m 4.336 ms - 2534[0m
[0mGET /data/co_power_lines/10/209/392.pbf [32m200[0m 6.924 ms - 1955[0m
[0mGET /data/co_power_lines/10/209/391.pbf [32m200[0m 7.734 ms - 2372[0m
[0mGET /data/co_roads/10/211/392.pbf [32m200[0m 13.043 ms - 60467[0m
[0mGET /data/co_roads/10/210/391.pbf [32m200[0m 14.411 ms - 65622[0m
[0mGET /data/co_roads/10/211/391.pbf [32m200[0m 18.922 ms - 76237[0m
[0mGET /data/co_roads/10/210/392.pbf [32m200[0m 18.178 ms - 79756[0m
[0mGET /data/co_roads/10/212/392.pbf [32m200[0m 18.520 ms - 85096[0m
[0mGET /data/co_roads/10/209/391.pbf [32m200[0m 9.752 ms - 49776[0m
[0mGET /data/co_roads/10/209/392.pbf [32m200[0m 11.310 ms - 67376[0m
[0mGET /data/co_roads/10/212/391.pbf [32m200[0m 23.543 ms - 127269[0m
[0mGET /data/co_roads/9/107/196.pbf [32m200[0m 30.675 ms - 197826[0m
[0mGET /data/co_roads/9/107/195.pbf [32m200[0m 39.965 ms - 247340[0m
[0mGET /data/co_power_lines/10/213/391.pbf [32m200[0m 5.873 ms - 11654[0m
[0mGET /data/co_power_lines/10/213/392.pbf [32m200[0m 6.655 ms - 11372[0m
[0mGET /data/co_roads/10/213/392.pbf [32m200[0m 27.036 ms - 165734[0m
[0mGET /data/co_roads/10/213/391.pbf [32m200[0m 37.589 ms - 253855[0m
[0mGET /data/co_power_lines/11/424/783.pbf [32m200[0m 5.375 ms - 478[0m
[0mGET /data/co_power_lines/11/423/783.pbf [32m204[0m 2.654 ms - -[0m
[0mGET /data/co_power_lines/11/424/782.pbf [32m200[0m 4.715 ms - 1865[0m
[0mGET /data/co_power_lines/11/425/783.pbf [32m200[0m 5.075 ms - 1047[0m
[0mGET /data/co_power_lines/11/425/782.pbf [32m200[0m 4.765 ms - 1743[0m
[0mGET /data/co_power_lines/11/423/782.pbf [32m200[0m 5.500 ms - 990[0m
[0mGET /data/co_power_lines/11/426/783.pbf [32m200[0m 6.579 ms - 1608[0m
[0mGET /data/co_power_lines/11/426/782.pbf [32m200[0m 6.593 ms - 1414[0m
[0mGET /data/co_roads/11/423/783.pbf [32m200[0m 6.292 ms - 21117[0m
[0mGET /data/co_roads/11/423/782.pbf [32m200[0m 7.030 ms - 26934[0m
[0mGET /data/co_roads/11/424/782.pbf [32m200[0m 13.855 ms - 49344[0m
[0mGET /data/co_roads/11/424/783.pbf [32m200[0m 16.956 ms - 58021[0m
[0mGET /data/co_roads/11/425/783.pbf [32m200[0m 19.321 ms - 78715[0m
[0mGET /data/co_roads/11/425/782.pbf [32m200[0m 17.803 ms - 72747[0m
[0mGET /data/co_roads/11/426/783.pbf [32m200[0m 12.599 ms - 62742[0m
[0mGET /data/co_roads/11/426/782.pbf [32m200[0m 14.040 ms - 82119[0m
[0mGET /data/co_power_lines/12/850/1566.pbf [32m200[0m 3.093 ms - 895[0m
[0mGET /data/co_power_lines/12/849/1566.pbf [32m200[0m 3.055 ms - 467[0m
[0mGET /data/co_power_lines/12/849/1565.pbf [32m200[0m 3.934 ms - 578[0m
[0mGET /data/co_power_lines/12/851/1566.pbf [32m200[0m 3.523 ms - 1122[0m
[0mGET /data/co_power_lines/12/850/1565.pbf [32m200[0m 4.840 ms - 637[0m
[0mGET /data/co_power_lines/12/851/1565.pbf [32m200[0m 4.510 ms - 779[0m
[0mGET /data/co_power_lines/12/848/1565.pbf [32m200[0m 3.770 ms - 309[0m
[0mGET /data/co_power_lines/12/848/1566.pbf [32m204[0m 1.648 ms - -[0m
[0mGET /data/co_roads/12/849/1566.pbf [32m200[0m 8.075 ms - 20350[0m
[0mGET /data/co_roads/12/849/1565.pbf [32m200[0m 9.139 ms - 23302[0m
[0mGET /data/co_roads/12/850/1565.pbf [32m200[0m 10.568 ms - 29979[0m
[0mGET /data/co_roads/12/850/1566.pbf [32m200[0m 12.703 ms - 33885[0m
[0mGET /data/co_roads/12/851/1566.pbf [32m200[0m 12.012 ms - 30434[0m
[0mGET /data/co_roads/12/851/1565.pbf [32m200[0m 12.919 ms - 31104[0m
[0mGET /data/co_power_lines/13/1701/3131.pbf [32m200[0m 4.261 ms - 451[0m
[0mGET /data/co_power_lines/13/1701/3132.pbf [32m200[0m 4.350 ms - 853[0m
[0mGET /data/co_power_lines/13/1702/3131.pbf [32m200[0m 5.023 ms - 441[0m
[0mGET /data/co_power_lines/13/1700/3131.pbf [32m200[0m 4.035 ms - 461[0m
[0mGET /data/co_power_lines/13/1702/3132.pbf [32m200[0m 4.667 ms - 1148[0m
[0mGET /data/co_power_lines/13/1700/3132.pbf [32m200[0m 4.217 ms - 425[0m
[0mGET /data/co_power_lines/13/1703/3131.pbf [32m200[0m 1.906 ms - 512[0m
[0mGET /data/co_power_lines/13/1703/3132.pbf [32m200[0m 1.847 ms - 493[0m
[0mGET /data/co_roads/13/1701/3131.pbf [32m200[0m 3.062 ms - 15169[0m
[0mGET /data/co_roads/13/1702/3131.pbf [32m200[0m 5.224 ms - 11868[0m
[0mGET /data/co_roads/13/1700/3132.pbf [32m200[0m 5.293 ms - 7915[0m
[0mGET /data/co_roads/13/1701/3132.pbf [32m200[0m 6.419 ms - 15480[0m
[0mGET /data/co_roads/13/1702/3132.pbf [32m200[0m 6.241 ms - 15937[0m
[0mGET /data/co_roads/13/1700/3131.pbf [32m200[0m 6.457 ms - 11651[0m
[0mGET /data/co_roads/13/1703/3132.pbf [32m200[0m 5.568 ms - 10164[0m
[0mGET /data/co_roads/13/1703/3131.pbf [32m200[0m 2.118 ms - 14459[0m
[0mGET /data/co_roads/12/848/1565.pbf [32m200[0m 3.098 ms - 15098[0m
[0mGET /data/co_roads/12/848/1566.pbf [32m200[0m 3.579 ms - 16413[0m
[0mGET /data/co_roads/11/423/783.pbf [32m200[0m 6.532 ms - 21117[0m
[0mGET /data/co_roads/11/423/782.pbf [32m200[0m 7.423 ms - 26934[0m
[0mGET /data/co_roads/11/424/782.pbf [32m200[0m 13.937 ms - 49344[0m
[0mGET /data/co_roads/11/424/783.pbf [32m200[0m 15.573 ms - 58021[0m
[0mGET /data/co_roads/11/425/783.pbf [32m200[0m 16.473 ms - 78715[0m
[0mGET /data/co_roads/11/425/782.pbf [32m200[0m 17.952 ms - 72747[0m
[0mGET /data/co_roads/11/426/783.pbf [32m200[0m 12.475 ms - 62742[0m
[0mGET /data/co_roads/11/426/782.pbf [32m200[0m 14.799 ms - 82119[0m
[0mGET /data/co_roads/12/849/1566.pbf [32m200[0m 8.483 ms - 20350[0m
[0mGET /data/co_roads/12/849/1565.pbf [32m200[0m 8.495 ms - 23302[0m
[0mGET /data/co_roads/12/848/1565.pbf [32m200[0m 6.988 ms - 15098[0m
[0mGET /data/co_roads/12/848/1566.pbf [32m200[0m 8.244 ms - 16413[0m
[0mGET /data/co_roads/12/850/1566.pbf [32m200[0m 9.532 ms - 33885[0m
[0mGET /data/co_roads/12/850/1565.pbf [32m200[0m 9.703 ms - 29979[0m
[0mGET /data/co_roads/12/851/1566.pbf [32m200[0m 4.006 ms - 30434[0m
[0mGET /data/co_roads/12/851/1565.pbf [32m200[0m 4.136 ms - 31104[0m
[0mGET /data/co_power_lines/13/1699/3132.pbf [32m200[0m 2.188 ms - 512[0m
[0mGET /data/co_power_lines/13/1698/3132.pbf [32m204[0m 1.848 ms - -[0m
[0mGET /data/co_power_lines/13/1699/3131.pbf [32m200[0m 5.181 ms - 615[0m
[0mGET /data/co_power_lines/13/1698/3131.pbf [32m200[0m 5.483 ms - 397[0m
[0mGET /data/co_roads/13/1699/3132.pbf [32m200[0m 5.225 ms - 8581[0m
[0mGET /data/co_roads/13/1699/3131.pbf [32m200[0m 5.259 ms - 8404[0m
[0mGET /data/co_roads/13/1700/3132.pbf [32m200[0m 6.186 ms - 7915[0m
[0mGET /data/co_roads/13/1700/3131.pbf [32m200[0m 6.318 ms - 11651[0m
[0mGET /data/co_roads/13/1698/3132.pbf [32m200[0m 4.932 ms - 6302[0m
[0mGET /data/co_roads/13/1698/3131.pbf [32m200[0m 5.765 ms - 6866[0m
[0mGET /data/co_roads/13/1701/3132.pbf [32m200[0m 4.099 ms - 15480[0m
[0mGET /data/co_roads/13/1701/3131.pbf [32m200[0m 3.988 ms - 15169[0m
[0mGET /data/co_roads/10/211/391.pbf [32m200[0m 13.840 ms - 76237[0m
[0mGET /data/co_roads/10/212/391.pbf [32m200[0m 21.163 ms - 127269[0m
[0mGET /data/co_roads/10/213/391.pbf [32m200[0m 43.270 ms - 253855[0m
[0mGET /data/co_roads/10/210/391.pbf [0m-[0m - ms - -[0m
[0mGET /data/co_roads/9/105/195.pbf [32m200[0m 22.281 ms - 193799[0m
[0mGET /data/co_roads/9/107/195.pbf [32m200[0m 31.786 ms - 247340[0m
[0mGET /data/co_roads/9/106/195.pbf [32m200[0m 38.222 ms - 314603[0m
[0mGET /data/co_roads/9/105/196.pbf [32m200[0m 24.045 ms - 165740[0m
[0mGET /data/co_roads/9/107/196.pbf [32m200[0m 27.511 ms - 197826[0m
[0mGET /data/co_roads/9/106/196.pbf [32m200[0m 39.915 ms - 267633[0m
[0mGET /data/co_roads/9/104/195.pbf [32m200[0m 9.040 ms - 138599[0m
[0mGET /data/co_roads/9/104/196.pbf [32m200[0m 10.889 ms - 150114[0m
[0mGET /data/co_roads/8/53/97.pbf [32m200[0m 39.303 ms - 435209[0m
[0mGET /data/co_roads/8/52/97.pbf [32m200[0m 39.116 ms - 396007[0m
[0mGET /data/co_roads/8/52/98.pbf [32m200[0m 31.372 ms - 326506[0m
[0mGET /data/co_roads/8/53/98.pbf [32m200[0m 37.192 ms - 360528[0m
[0mGET /data/co_roads/8/54/98.pbf [32m200[0m 32.707 ms - 181698[0m
[0mGET /data/co_roads/8/54/97.pbf [32m200[0m 34.481 ms - 185080[0m
[0mGET /data/co_roads/8/51/97.pbf [32m200[0m 35.809 ms - 304517[0m
[0mGET /data/co_roads/8/51/98.pbf [32m200[0m 36.087 ms - 296615[0m
[0mGET /data/co_roads/8/51/98.pbf [32m200[0m 39.635 ms - 296615[0m
[0mGET /data/co_roads/8/51/97.pbf [32m200[0m 40.901 ms - 304517[0m
[0mGET /data/co_roads/9/104/195.pbf [32m200[0m 29.089 ms - 138599[0m
[0mGET /data/co_roads/9/104/196.pbf [32m200[0m 32.715 ms - 150114[0m
[0mGET /data/co_roads/9/107/196.pbf [32m200[0m 40.385 ms - 197826[0m
[0mGET /data/co_roads/9/106/196.pbf [32m200[0m 48.203 ms - 267633[0m
[0mGET /data/co_power_lines/5/7/12.pbf [32m200[0m 2.566 ms - 14668[0m
[0mGET /data/co_power_lines/5/6/11.pbf [32m200[0m 13.634 ms - 82769[0m
[0mGET /data/co_power_lines/5/6/12.pbf [32m200[0m 16.743 ms - 102038[0m
[0mGET /data/co_power_lines/9/105/194.pbf [32m200[0m 6.286 ms - 11660[0m
[0mGET /data/co_power_lines/9/104/194.pbf [32m200[0m 13.733 ms - 10343[0m
[0mGET /data/co_power_lines/9/107/194.pbf [32m200[0m 21.431 ms - 42678[0m
[0mGET /data/co_power_lines/9/106/194.pbf [32m200[0m 27.739 ms - 62995[0m
[0mGET /data/co_roads/9/105/194.pbf [0m-[0m - ms - -[0m
[0mGET /data/co_roads/9/107/194.pbf [0m-[0m - ms - -[0m
[0mGET /data/co_roads/9/104/194.pbf [0m-[0m - ms - -[0m
[0mGET /data/co_roads/9/106/194.pbf [0m-[0m - ms - -[0m
[0mGET /data/co_power_lines/10/211/390.pbf [32m200[0m 3.791 ms - 2967[0m
[0mGET /data/co_power_lines/10/212/390.pbf [32m200[0m 3.772 ms - 1553[0m
[0mGET /data/co_power_lines/10/210/390.pbf [32m200[0m 4.701 ms - 5104[0m
[0mGET /data/co_power_lines/10/213/390.pbf [32m200[0m 4.801 ms - 9246[0m
[0mGET /data/co_roads/10/211/390.pbf [32m200[0m 14.166 ms - 67723[0m
[0mGET /data/co_roads/10/212/390.pbf [32m200[0m 14.319 ms - 66459[0m
[0mGET /data/co_roads/10/210/391.pbf [32m200[0m 13.088 ms - 65622[0m
[0mGET /data/co_roads/10/210/390.pbf [32m200[0m 13.664 ms - 70013[0m
[0mGET /data/co_roads/10/213/390.pbf [32m200[0m 26.795 ms - 158530[0m
[0mGET /data/co_power_lines/11/424/781.pbf [32m200[0m 3.893 ms - 1661[0m
[0mGET /data/co_power_lines/11/422/782.pbf [32m200[0m 2.431 ms - 1146[0m
[0mGET /data/co_power_lines/11/423/781.pbf [32m200[0m 3.668 ms - 980[0m
[0mGET /data/co_power_lines/11/426/781.pbf [32m200[0m 3.185 ms - 340[0m
[0mGET /data/co_power_lines/11/422/781.pbf [32m200[0m 3.893 ms - 1111[0m
[0mGET /data/co_power_lines/11/425/781.pbf [32m200[0m 4.543 ms - 993[0m
[0mGET /data/co_roads/11/426/781.pbf [0m-[0m - ms - -[0m
[0mGET /data/co_roads/11/424/781.pbf [32m200[0m 7.437 ms - 20301[0m
[0mGET /data/co_roads/11/423/781.pbf [32m200[0m 8.286 ms - 23939[0m
[0mGET /data/co_roads/11/425/781.pbf [32m200[0m 8.555 ms - 28918[0m
[0mGET /data/co_roads/11/422/782.pbf [32m200[0m 8.520 ms - 24851[0m
[0mGET /data/co_roads/11/422/781.pbf [32m200[0m 9.661 ms - 37134[0m
[0mGET /data/co_power_lines/12/850/1564.pbf [32m204[0m 1.608 ms - -[0m
[0mGET /data/co_power_lines/12/849/1564.pbf [32m200[0m 4.759 ms - 1198[0m
[0mGET /data/co_power_lines/12/849/1563.pbf [32m200[0m 5.403 ms - 1076[0m
[0mGET /data/co_power_lines/12/851/1564.pbf [32m204[0m 2.330 ms - -[0m
[0mGET /data/co_power_lines/12/850/1563.pbf [32m200[0m 6.547 ms - 764[0m
[0mGET /data/co_power_lines/12/848/1564.pbf [32m200[0m 6.684 ms - 1501[0m
[0mGET /data/co_power_lines/12/851/1563.pbf [32m204[0m 2.627 ms - -[0m
[0mGET /data/co_power_lines/12/848/1563.pbf [32m200[0m 6.575 ms - 844[0m
[0mGET /data/co_roads/12/849/1563.pbf [32m200[0m 5.599 ms - 6589[0m
[0mGET /data/co_roads/12/850/1563.pbf [32m200[0m 4.473 ms - 9059[0m
[0mGET /data/co_roads/12/850/1564.pbf [32m200[0m 5.427 ms - 14019[0m
[0mGET /data/co_roads/12/849/1564.pbf [32m200[0m 7.120 ms - 14424[0m
[0mGET /data/co_roads/12/848/1564.pbf [32m200[0m 4.383 ms - 15469[0m
[0mGET /data/co_roads/12/848/1563.pbf [32m200[0m 4.158 ms - 10456[0m
[0mGET /data/co_roads/12/851/1564.pbf [32m200[0m 3.167 ms - 13105[0m
[0mGET /data/co_roads/12/851/1563.pbf [32m200[0m 2.647 ms - 16108[0m
[0mGET /data/co_power_lines/13/1700/3128.pbf [32m204[0m 0.435 ms - -[0m
[0mGET /data/co_power_lines/13/1701/3127.pbf [32m204[0m 2.724 ms - -[0m
[0mGET /data/co_power_lines/13/1699/3128.pbf [32m204[0m 2.887 ms - -[0m
[0mGET /data/co_power_lines/13/1702/3128.pbf [32m204[0m 2.658 ms - -[0m
[0mGET /data/co_power_lines/13/1701/3128.pbf [32m204[0m 4.082 ms - -[0m
[0mGET /data/co_power_lines/13/1702/3127.pbf [32m204[0m 0.999 ms - -[0m
[0mGET /data/co_power_lines/13/1700/3127.pbf [32m200[0m 8.008 ms - 671[0m
[0mGET /data/co_power_lines/13/1699/3127.pbf [32m200[0m 6.688 ms - 1007[0m
[0mGET /data/co_roads/13/1700/3128.pbf [32m200[0m 4.333 ms - 5036[0m
[0mGET /data/co_roads/13/1700/3127.pbf [32m200[0m 5.947 ms - 3119[0m
[0mGET /data/co_roads/13/1701/3128.pbf [32m200[0m 6.376 ms - 4159[0m
[0mGET /data/co_roads/13/1701/3127.pbf [32m200[0m 5.738 ms - 4790[0m
[0mGET /data/co_roads/13/1699/3127.pbf [32m200[0m 4.400 ms - 2715[0m
[0mGET /data/co_roads/13/1699/3128.pbf [32m200[0m 6.048 ms - 3416[0m
[0mGET /data/co_roads/13/1702/3128.pbf [32m200[0m 2.847 ms - 3165[0m
[0mGET /data/co_roads/13/1702/3127.pbf [32m200[0m 3.212 ms - 4589[0m
[0mGET /data/co_roads/11/426/781.pbf [32m200[0m 8.646 ms - 54636[0m
[0mGET /data/co_roads/10/210/391.pbf [32m200[0m 11.106 ms - 65622[0m
[0mGET /data/co_roads/10/210/390.pbf [32m200[0m 11.193 ms - 70013[0m
[0mGET /data/co_power_lines/8/50/98.pbf [32m200[0m 3.866 ms - 5825[0m
[0mGET /data/co_power_lines/8/50/97.pbf [32m200[0m 4.545 ms - 11875[0m
[0mGET /data/co_roads/8/50/97.pbf [32m200[0m 23.419 ms - 172765[0m
[0mGET /data/co_roads/8/50/98.pbf [32m200[0m 25.987 ms - 186078[0m
[0mGET /data/co_railways/8/50/97.pbf [32m200[0m 11.217 ms - 10567[0m
[0mGET /data/co_railways/8/51/98.pbf [32m200[0m 13.369 ms - 16135[0m
[0mGET /data/co_railways/8/50/98.pbf [32m200[0m 11.265 ms - 7374[0m
[0mGET /data/co_railways/8/51/97.pbf [32m200[0m 16.701 ms - 23365[0m
[0mGET /data/co_railways/8/52/98.pbf [32m200[0m 14.132 ms - 18320[0m
[0mGET /data/co_railways/8/52/97.pbf [32m200[0m 18.970 ms - 37653[0m
[0mGET /data/co_railways/8/53/98.pbf [32m200[0m 8.403 ms - 42610[0m
[0mGET /data/co_railways/8/53/97.pbf [32m200[0m 14.817 ms - 93039[0m
[0mGET /data/co_power_lines/9/103/195.pbf [32m200[0m 5.233 ms - 4449[0m
[0mGET /data/co_power_lines/9/103/196.pbf [32m200[0m 6.424 ms - 2436[0m
[0mGET /data/co_power_lines/9/102/196.pbf [32m200[0m 5.195 ms - 4404[0m
[0mGET /data/co_power_lines/9/102/195.pbf [32m200[0m 6.387 ms - 7905[0m
[0mGET /data/co_power_lines/9/103/194.pbf [32m200[0m 4.966 ms - 7180[0m
[0mGET /data/co_power_lines/9/101/196.pbf [32m200[0m 1.918 ms - 1741[0m
[0mGET /data/co_power_lines/9/102/194.pbf [32m200[0m 4.365 ms - 9451[0m
[0mGET /data/co_power_lines/9/101/195.pbf [32m200[0m 2.580 ms - 6938[0m
[0mGET /data/co_power_lines/9/101/194.pbf [32m200[0m 1.065 ms - 4273[0m
[0mGET /data/co_railways/9/103/195.pbf [32m200[0m 5.661 ms - 8953[0m
[0mGET /data/co_railways/9/102/196.pbf [32m200[0m 2.890 ms - 4951[0m
[0mGET /data/co_railways/9/103/196.pbf [32m200[0m 4.009 ms - 5532[0m
[0mGET /data/co_railways/9/102/195.pbf [32m200[0m 6.426 ms - 6806[0m
[0mGET /data/co_railways/9/102/194.pbf [32m200[0m 3.966 ms - 4497[0m
[0mGET /data/co_railways/9/103/194.pbf [32m200[0m 5.476 ms - 10415[0m
[0mGET /data/co_railways/9/104/196.pbf [32m200[0m 2.451 ms - 7199[0m
[0mGET /data/co_railways/9/101/196.pbf [32m200[0m 2.006 ms - 1388[0m
[0mGET /data/co_railways/9/104/195.pbf [32m200[0m 4.041 ms - 11726[0m
[0mGET /data/co_railways/9/101/194.pbf [32m200[0m 2.807 ms - 2096[0m
[0mGET /data/co_railways/9/104/194.pbf [0m-[0m - ms - -[0m
[0mGET /data/co_railways/9/101/195.pbf [32m200[0m 5.277 ms - 9900[0m
[0mGET /data/co_roads/9/103/194.pbf [0m-[0m - ms - -[0m
[0mGET /data/co_roads/9/101/195.pbf [0m-[0m - ms - -[0m
[0mGET /data/co_roads/9/101/196.pbf [0m-[0m - ms - -[0m
[0mGET /data/co_roads/9/103/195.pbf [32m200[0m 26.090 ms - 122472[0m
[0mGET /data/co_roads/9/102/195.pbf [32m200[0m 28.052 ms - 139986[0m
[0mGET /data/co_roads/9/103/196.pbf [32m200[0m 29.465 ms - 146741[0m
[0mGET /data/co_roads/9/102/196.pbf [32m200[0m 33.006 ms - 162429[0m
[0mGET /data/co_power_lines/10/206/391.pbf [32m200[0m 5.528 ms - 535[0m
[0mGET /data/co_power_lines/10/206/392.pbf [32m200[0m 4.847 ms - 706[0m
[0mGET /data/co_power_lines/10/205/391.pbf [32m200[0m 6.513 ms - 792[0m
[0mGET /data/co_power_lines/10/206/390.pbf [32m200[0m 6.779 ms - 1447[0m
[0mGET /data/co_power_lines/10/205/392.pbf [32m200[0m 5.980 ms - 1287[0m
[0mGET /data/co_power_lines/10/205/390.pbf [32m200[0m 5.971 ms - 1285[0m
[0mGET /data/co_power_lines/10/207/391.pbf [32m200[0m 2.684 ms - 211[0m
[0mGET /data/co_power_lines/10/207/392.pbf [32m200[0m 2.566 ms - 1155[0m
[0mGET /data/co_power_lines/10/207/390.pbf [32m200[0m 3.090 ms - 3307[0m
[0mGET /data/co_power_lines/10/204/392.pbf [32m200[0m 6.596 ms - 1915[0m
[0mGET /data/co_power_lines/10/204/391.pbf [32m200[0m 7.611 ms - 3013[0m
[0mGET /data/co_power_lines/10/204/390.pbf [32m200[0m 7.171 ms - 3514[0m
[0mGET /data/co_railways/10/206/391.pbf [32m200[0m 5.120 ms - 2120[0m
[0mGET /data/co_railways/10/205/391.pbf [32m200[0m 4.939 ms - 1919[0m
[0mGET /data/co_railways/10/205/390.pbf [32m204[0m 0.922 ms - -[0m
[0mGET /data/co_railways/10/206/392.pbf [32m200[0m 5.301 ms - 900[0m
[0mGET /data/co_railways/10/205/392.pbf [32m200[0m 2.890 ms - 2000[0m
[0mGET /data/co_railways/10/206/390.pbf [32m200[0m 3.441 ms - 3711[0m
[0mGET /data/co_railways/10/207/391.pbf [32m200[0m 2.225 ms - 2449[0m
[0mGET /data/co_railways/10/207/392.pbf [32m200[0m 2.271 ms - 2424[0m
[0mGET /data/co_railways/10/204/391.pbf [32m200[0m 2.465 ms - 1905[0m
[0mGET /data/co_railways/10/207/390.pbf [32m200[0m 2.860 ms - 6432[0m
[0mGET /data/co_railways/10/204/392.pbf [32m200[0m 4.308 ms - 1987[0m
[0mGET /data/co_railways/10/204/390.pbf [32m200[0m 4.208 ms - 3085[0m
[0mGET /data/co_roads/10/206/391.pbf [32m200[0m 8.796 ms - 39025[0m
[0mGET /data/co_roads/10/206/390.pbf [0m-[0m - ms - -[0m
[0mGET /data/co_roads/10/205/390.pbf [0m-[0m - ms - -[0m
[0mGET /data/co_roads/10/206/392.pbf [32m200[0m 11.755 ms - 42360[0m
[0mGET /data/co_roads/10/205/391.pbf [32m200[0m 12.558 ms - 61925[0m
[0mGET /data/co_roads/10/207/391.pbf [32m200[0m 7.330 ms - 37815[0m
[0mGET /data/co_roads/10/207/392.pbf [32m200[0m 8.368 ms - 55076[0m
[0mGET /data/co_roads/10/204/391.pbf [32m200[0m 9.454 ms - 63594[0m
[0mGET /data/co_roads/10/205/392.pbf [32m200[0m 17.290 ms - 84856[0m
[0mGET /data/co_roads/10/204/392.pbf [32m200[0m 10.181 ms - 75023[0m
[0mGET /data/co_power_lines/11/412/783.pbf [32m200[0m 3.862 ms - 560[0m
[0mGET /data/co_power_lines/11/413/782.pbf [32m204[0m 1.323 ms - -[0m
[0mGET /data/co_power_lines/11/411/783.pbf [32m200[0m 3.816 ms - 512[0m
[0mGET /data/co_power_lines/11/411/782.pbf [32m200[0m 3.348 ms - 276[0m
[0mGET /data/co_power_lines/11/412/782.pbf [32m200[0m 4.253 ms - 280[0m
[0mGET /data/co_power_lines/11/413/783.pbf [32m200[0m 3.770 ms - 139[0m
[0mGET /data/co_power_lines/11/410/783.pbf [32m204[0m 1.949 ms - -[0m
[0mGET /data/co_power_lines/11/410/782.pbf [32m204[0m 1.786 ms - -[0m
[0mGET /data/co_railways/11/411/782.pbf [32m204[0m 1.724 ms - -[0m
[0mGET /data/co_railways/11/411/783.pbf [32m200[0m 3.418 ms - 1495[0m
[0mGET /data/co_railways/11/412/782.pbf [32m200[0m 3.700 ms - 645[0m
[0mGET /data/co_railways/11/412/783.pbf [32m200[0m 5.269 ms - 1574[0m
[0mGET /data/co_railways/11/413/783.pbf [32m200[0m 5.189 ms - 479[0m
[0mGET /data/co_railways/11/413/782.pbf [32m200[0m 5.804 ms - 1148[0m
[0mGET /data/co_railways/11/410/782.pbf [32m204[0m 1.209 ms - -[0m
[0mGET /data/co_railways/11/410/783.pbf [32m200[0m 7.955 ms - 901[0m
[0mGET /data/co_roads/11/412/782.pbf [32m200[0m 4.228 ms - 15138[0m
[0mGET /data/co_roads/11/411/782.pbf [32m200[0m 4.367 ms - 9021[0m
[0mGET /data/co_roads/11/413/783.pbf [32m200[0m 4.578 ms - 10432[0m
[0mGET /data/co_roads/11/413/782.pbf [32m200[0m 3.116 ms - 13694[0m
[0mGET /data/co_roads/11/412/783.pbf [32m200[0m 8.494 ms - 26874[0m
[0mGET /data/co_roads/11/411/783.pbf [32m200[0m 9.287 ms - 33389[0m
[0mGET /data/co_roads/11/410/782.pbf [32m200[0m 4.757 ms - 16714[0m
[0mGET /data/co_roads/11/410/783.pbf [32m200[0m 8.702 ms - 36517[0m
[0mGET /data/co_power_lines/12/824/1566.pbf [32m200[0m 3.512 ms - 458[0m
[0mGET /data/co_power_lines/12/824/1567.pbf [32m200[0m 3.283 ms - 460[0m
[0mGET /data/co_power_lines/12/825/1567.pbf [32m204[0m 1.125 ms - -[0m
[0mGET /data/co_power_lines/12/823/1566.pbf [32m200[0m 3.411 ms - 348[0m
[0mGET /data/co_power_lines/12/823/1567.pbf [32m200[0m 2.430 ms - 602[0m
[0mGET /data/co_power_lines/12/825/1566.pbf [32m200[0m 2.464 ms - 201[0m
[0mGET /data/co_power_lines/12/822/1566.pbf [32m204[0m 1.351 ms - -[0m
[0mGET /data/co_power_lines/12/822/1567.pbf [32m204[0m 1.286 ms - -[0m
[0mGET /data/co_railways/12/825/1567.pbf [32m204[0m 1.799 ms - -[0m
[0mGET /data/co_railways/12/824/1567.pbf [32m200[0m 5.066 ms - 955[0m
[0mGET /data/co_railways/12/824/1566.pbf [32m200[0m 5.787 ms - 1483[0m
[0mGET /data/co_railways/12/823/1566.pbf [32m200[0m 5.976 ms - 913[0m
[0mGET /data/co_railways/12/823/1567.pbf [32m200[0m 6.435 ms - 1124[0m
[0mGET /data/co_railways/12/822/1566.pbf [32m204[0m 3.537 ms - -[0m
[0mGET /data/co_railways/12/825/1566.pbf [32m200[0m 7.643 ms - 837[0m
[0mGET /data/co_railways/12/822/1567.pbf [32m200[0m 4.443 ms - 589[0m
[0mGET /data/co_roads/12/824/1566.pbf [32m200[0m 5.032 ms - 12173[0m
[0mGET /data/co_roads/12/823/1566.pbf [32m200[0m 3.093 ms - 10154[0m
[0mGET /data/co_roads/12/824/1567.pbf [32m200[0m 5.908 ms - 15557[0m
[0mGET /data/co_roads/12/825/1566.pbf [32m200[0m 3.529 ms - 8268[0m
[0mGET /data/co_roads/12/825/1567.pbf [32m200[0m 2.536 ms - 6452[0m
[0mGET /data/co_roads/12/822/1566.pbf [32m200[0m 1.662 ms - 3649[0m
[0mGET /data/co_roads/12/822/1567.pbf [32m200[0m 1.995 ms - 9194[0m
[0mGET /data/co_roads/12/823/1567.pbf [32m200[0m 6.074 ms - 22053[0m
[0mGET /data/co_power_lines/13/1648/3133.pbf [32m200[0m 5.370 ms - 389[0m
[0mGET /data/co_power_lines/13/1648/3134.pbf [32m200[0m 5.814 ms - 413[0m
[0mGET /data/co_power_lines/13/1649/3133.pbf [32m200[0m 8.651 ms - 231[0m
[0mGET /data/co_power_lines/13/1647/3133.pbf [32m200[0m 8.701 ms - 300[0m
[0mGET /data/co_power_lines/13/1647/3134.pbf [32m200[0m 7.284 ms - 337[0m
[0mGET /data/co_power_lines/13/1649/3134.pbf [32m200[0m 8.513 ms - 109[0m
[0mGET /data/co_power_lines/13/1650/3133.pbf [32m200[0m 1.955 ms - 141[0m
[0mGET /data/co_railways/13/1648/3133.pbf [32m200[0m 2.819 ms - 1423[0m
[0mGET /data/co_power_lines/13/1650/3134.pbf [32m204[0m 1.453 ms - -[0m
[0mGET /data/co_railways/13/1650/3133.pbf [0m-[0m - ms - -[0m
[0mGET /data/co_railways/13/1649/3134.pbf [32m204[0m 2.656 ms - -[0m
[0mGET /data/co_railways/13/1649/3133.pbf [32m200[0m 4.495 ms - 1076[0m
[0mGET /data/co_railways/13/1648/3134.pbf [32m200[0m 5.534 ms - 929[0m
[0mGET /data/co_railways/13/1647/3133.pbf [32m200[0m 5.845 ms - 785[0m
[0mGET /data/co_railways/13/1647/3134.pbf [32m200[0m 5.136 ms - 1002[0m
[0mGET /data/co_roads/13/1648/3133.pbf [32m200[0m 4.711 ms - 6344[0m
[0mGET /data/co_roads/13/1648/3134.pbf [32m200[0m 4.988 ms - 7552[0m
[0mGET /data/co_roads/13/1649/3133.pbf [32m200[0m 3.397 ms - 4815[0m
[0mGET /data/co_roads/13/1649/3134.pbf [32m200[0m 3.538 ms - 2703[0m
[0mGET /data/co_roads/13/1647/3133.pbf [32m200[0m 4.297 ms - 5231[0m
[0mGET /data/co_roads/13/1647/3134.pbf [32m200[0m 4.113 ms - 14243[0m
[0mGET /data/co_power_lines/13/1650/3134.pbf [32m204[0m 0.786 ms - -[0m
[0mGET /data/co_power_lines/13/1646/3134.pbf [32m204[0m 0.950 ms - -[0m
[0mGET /data/co_power_lines/13/1650/3133.pbf [32m200[0m 2.680 ms - 141[0m
[0mGET /data/co_power_lines/13/1646/3133.pbf [32m204[0m 1.309 ms - -[0m
[0mGET /data/co_railways/13/1650/3133.pbf [32m200[0m 1.793 ms - 897[0m
[0mGET /data/co_railways/13/1646/3133.pbf [32m204[0m 1.799 ms - -[0m
[0mGET /data/co_railways/13/1650/3134.pbf [32m204[0m 2.459 ms - -[0m
[0mGET /data/co_railways/13/1646/3134.pbf [32m200[0m 4.987 ms - 372[0m
[0mGET /data/co_roads/13/1646/3133.pbf [32m200[0m 4.906 ms - 2556[0m
[0mGET /data/co_roads/13/1650/3134.pbf [32m200[0m 5.165 ms - 2845[0m
[0mGET /data/co_roads/13/1650/3133.pbf [32m200[0m 5.734 ms - 6323[0m
[0mGET /data/co_roads/13/1646/3134.pbf [32m200[0m 5.000 ms - 5718[0m
[0mGET /data/co_roads/10/205/390.pbf [32m200[0m 10.906 ms - 35891[0m
[0mGET /data/co_roads/10/206/390.pbf [32m200[0m 12.142 ms - 40151[0m
[0mGET /data/co_roads/10/207/390.pbf [32m200[0m 15.006 ms - 60644[0m
[0mGET /data/co_roads/10/204/390.pbf [32m200[0m 13.166 ms - 54028[0m
[0mGET /data/co_roads/10/204/391.pbf [32m200[0m 15.163 ms - 63594[0m
[0mGET /data/co_roads/10/204/392.pbf [32m200[0m 17.525 ms - 75023[0m
[0mGET /data/co_roads/9/101/196.pbf [32m200[0m 13.217 ms - 117572[0m
[0mGET /data/co_roads/9/101/195.pbf [32m200[0m 15.476 ms - 130579[0m
[0mGET /data/co_power_lines/9/103/194.pbf [32m200[0m 3.164 ms - 7180[0m
[0mGET /data/co_power_lines/9/102/194.pbf [32m200[0m 3.725 ms - 9451[0m
[0mGET /data/co_power_lines/9/101/194.pbf [32m200[0m 5.024 ms - 4273[0m
[0mGET /data/co_railways/9/103/194.pbf [32m200[0m 7.550 ms - 10415[0m
[0mGET /data/co_railways/9/102/194.pbf [32m200[0m 7.896 ms - 4497[0m
[0mGET /data/co_railways/9/104/194.pbf [32m200[0m 8.033 ms - 12241[0m
[0mGET /data/co_roads/9/104/194.pbf [0m-[0m - ms - -[0m
[0mGET /data/co_roads/9/102/194.pbf [0m-[0m - ms - -[0m
[0mGET /data/co_roads/9/103/194.pbf [0m-[0m - ms - -[0m
[0mGET /data/co_railways/9/101/194.pbf [0m-[0m - ms - -[0m
[0mGET /data/co_roads/9/101/194.pbf [0m-[0m - ms - -[0m
[0mGET /data/co_railways/7/25/49.pbf [32m200[0m 4.904 ms - 28833[0m
[0mGET /data/co_railways/7/25/48.pbf [32m200[0m 6.312 ms - 32841[0m
[0mGET /data/co_railways/7/26/49.pbf [32m200[0m 10.806 ms - 68242[0m
[0mGET /data/co_power_lines/7/24/48.pbf [32m200[0m 0.877 ms - 1112[0m
[0mGET /data/co_power_lines/7/24/49.pbf [32m200[0m 1.308 ms - 220[0m
[0mGET /data/co_railways/7/24/48.pbf [32m200[0m 1.319 ms - 1139[0m
[0mGET /data/co_railways/7/24/49.pbf [32m200[0m 1.748 ms - 905[0m
[0mGET /data/co_railways/7/26/48.pbf [32m200[0m 26.026 ms - 137412[0m
[0mGET /data/co_railways/7/27/48.pbf [32m200[0m 7.134 ms - 32060[0m
[0mGET /data/co_railways/7/27/49.pbf [32m200[0m 7.317 ms - 37703[0m
[0mGET /data/co_power_lines/6/12/24.pbf [32m200[0m 8.345 ms - 33648[0m
[0mGET /data/co_railways/6/12/24.pbf [32m200[0m 10.085 ms - 48194[0m
[0mGET /data/co_power_lines/6/13/24.pbf [32m200[0m 25.803 ms - 124669[0m
[0mGET /data/co_power_lines/6/12/23.pbf [32m200[0m 2.374 ms - 8717[0m
[0mGET /data/co_railways/6/12/23.pbf [32m200[0m 2.171 ms - 7445[0m
[0mGET /data/co_railways/6/13/24.pbf [32m200[0m 35.104 ms - 161228[0m
[0mGET /data/co_railways/6/13/23.pbf [32m200[0m 5.791 ms - 31921[0m
[0mGET /data/co_power_lines/6/13/23.pbf [32m200[0m 7.820 ms - 38313[0m
[0mGET /data/co_power_lines/6/14/23.pbf [32m200[0m 1.435 ms - 1349[0m
[0mGET /data/co_railways/6/14/23.pbf [32m200[0m 1.164 ms - 2505[0m
[0mGET /data/co_power_lines/6/14/24.pbf [32m200[0m 2.657 ms - 5572[0m
[0mGET /data/co_railways/6/14/24.pbf [32m200[0m 3.015 ms - 6274[0m
[0mGET /data/co_roads/ [36m304[0m 17.037 ms - -[0m
[0mGET /maplibre-gl-inspect.css [36m304[0m 1.968 ms - -[0m
[0mGET /maplibre-gl.css [36m304[0m 3.512 ms - -[0m
[0mGET /maplibre-gl.js [36m304[0m 3.583 ms - -[0m
[0mGET /maplibre-gl-inspect.js [36m304[0m 1.089 ms - -[0m
[0mGET /data/co_roads.json [36m304[0m 4.478 ms - -[0m
[0mGET /data/co_roads/10/214/388.pbf [36m304[0m 45.160 ms - -[0m
[0mGET /data/co_roads/10/214/389.pbf [36m304[0m 49.685 ms - -[0m
[0mGET /data/co_roads/10/212/389.pbf [36m304[0m 48.840 ms - -[0m
[0mGET /data/co_roads/10/212/388.pbf [36m304[0m 61.031 ms - -[0m
[0mGET /data/co_roads/10/213/389.pbf [36m304[0m 71.512 ms - -[0m
[0mGET /data/co_roads/10/213/388.pbf [36m304[0m 84.026 ms - -[0m
[0mGET /data/co_railways/8/54/97.pbf [32m200[0m 4.176 ms - 6803[0m
[0mGET /data/co_railways/8/54/98.pbf [32m200[0m 5.096 ms - 15644[0m
[0mGET /data/co_power_lines/9/105/196.pbf [32m200[0m 3.197 ms - 4623[0m
[0mGET /data/co_railways/9/105/195.pbf [32m200[0m 4.100 ms - 10666[0m
[0mGET /data/co_railways/9/105/196.pbf [32m200[0m 3.914 ms - 8293[0m
[0mGET /data/co_power_lines/9/106/196.pbf [32m200[0m 7.873 ms - 21942[0m
[0mGET /data/co_railways/9/106/195.pbf [32m200[0m 10.251 ms - 19687[0m
[0mGET /data/co_railways/9/106/196.pbf [32m200[0m 12.382 ms - 32059[0m
[0mGET /data/co_roads/9/105/196.pbf [32m200[0m 24.417 ms - 165740[0m
[0mGET /data/co_roads/9/106/196.pbf [32m200[0m 33.613 ms - 267633[0m
[0mGET /data/co_power_lines/10/210/391.pbf [32m200[0m 5.108 ms - 2285[0m
[0mGET /data/co_power_lines/10/210/392.pbf [32m200[0m 5.079 ms - 2969[0m
[0mGET /data/co_power_lines/10/209/391.pbf [32m200[0m 4.249 ms - 2372[0m
[0mGET /data/co_power_lines/10/209/392.pbf [32m200[0m 4.155 ms - 1955[0m
[0mGET /data/co_power_lines/10/211/392.pbf [32m200[0m 3.028 ms - 1498[0m
[0mGET /data/co_power_lines/10/211/391.pbf [32m200[0m 3.580 ms - 2091[0m
[0mGET /data/co_power_lines/10/208/391.pbf [32m200[0m 5.651 ms - 139[0m
[0mGET /data/co_power_lines/10/208/392.pbf [32m200[0m 5.284 ms - 1079[0m
[0mGET /data/co_railways/10/209/391.pbf [32m200[0m 3.911 ms - 1853[0m
[0mGET /data/co_railways/10/210/391.pbf [32m200[0m 4.507 ms - 3676[0m
[0mGET /data/co_railways/10/210/392.pbf [32m200[0m 4.154 ms - 3771[0m
[0mGET /data/co_railways/10/209/392.pbf [32m200[0m 4.386 ms - 3546[0m
[0mGET /data/co_railways/10/211/391.pbf [32m200[0m 2.289 ms - 1684[0m
[0mGET /data/co_railways/10/211/392.pbf [32m200[0m 3.509 ms - 618[0m
[0mGET /data/co_railways/10/208/391.pbf [32m200[0m 3.301 ms - 273[0m
[0mGET /data/co_railways/10/208/392.pbf [32m200[0m 3.505 ms - 1642[0m
[0mGET /data/co_roads/10/208/392.pbf [0m-[0m - ms - -[0m
[0mGET /data/co_roads/10/208/391.pbf [0m-[0m - ms - -[0m
[0mGET /data/co_roads/10/209/391.pbf [32m200[0m 14.400 ms - 49776[0m
[0mGET /data/co_roads/10/211/392.pbf [32m200[0m 12.153 ms - 60467[0m
[0mGET /data/co_roads/10/209/392.pbf [32m200[0m 14.702 ms - 67376[0m
[0mGET /data/co_roads/10/210/392.pbf [32m200[0m 19.298 ms - 79756[0m
[0mGET /data/co_power_lines/11/421/783.pbf [32m204[0m 1.751 ms - -[0m
[0mGET /data/co_power_lines/11/420/783.pbf [32m200[0m 5.576 ms - 962[0m
[0mGET /data/co_power_lines/11/420/784.pbf [32m200[0m 5.216 ms - 964[0m
[0mGET /data/co_power_lines/11/420/782.pbf [32m200[0m 5.504 ms - 1401[0m
[0mGET /data/co_power_lines/11/421/784.pbf [32m200[0m 4.947 ms - 855[0m
[0mGET /data/co_power_lines/11/419/783.pbf [32m200[0m 4.423 ms - 1000[0m
[0mGET /data/co_power_lines/11/421/782.pbf [32m200[0m 4.873 ms - 1684[0m
[0mGET /data/co_power_lines/11/422/783.pbf [32m204[0m 1.276 ms - -[0m
[0mGET /data/co_power_lines/11/422/782.pbf [32m200[0m 2.905 ms - 1146[0m
[0mGET /data/co_power_lines/11/419/784.pbf [32m200[0m 4.591 ms - 545[0m
[0mGET /data/co_power_lines/11/422/784.pbf [32m200[0m 5.370 ms - 975[0m
[0mGET /data/co_power_lines/11/419/782.pbf [32m200[0m 6.529 ms - 2230[0m
[0mGET /data/co_railways/11/420/783.pbf [32m200[0m 8.166 ms - 3513[0m
[0mGET /data/co_railways/11/421/783.pbf [32m200[0m 7.431 ms - 1935[0m
[0mGET /data/co_railways/11/420/782.pbf [32m200[0m 1.973 ms - 597[0m
[0mGET /data/co_railways/11/421/784.pbf [32m200[0m 2.016 ms - 883[0m
[0mGET /data/co_railways/11/421/782.pbf [32m200[0m 2.394 ms - 1004[0m
[0mGET /data/co_railways/11/420/784.pbf [32m200[0m 3.314 ms - 2670[0m
[0mGET /data/co_railways/11/422/784.pbf [32m204[0m 0.837 ms - -[0m
[0mGET /data/co_railways/11/419/783.pbf [32m200[0m 4.575 ms - 795[0m
[0mGET /data/co_railways/11/419/784.pbf [32m200[0m 5.089 ms - 1399[0m
[0mGET /data/co_railways/11/422/783.pbf [32m200[0m 3.497 ms - 255[0m
[0mGET /data/co_railways/11/419/782.pbf [32m200[0m 3.559 ms - 1255[0m
[0mGET /data/co_railways/11/422/782.pbf [32m200[0m 4.304 ms - 596[0m
[0mGET /data/co_roads/11/421/783.pbf [32m200[0m 6.100 ms - 20016[0m
[0mGET /data/co_roads/11/420/782.pbf [32m200[0m 6.807 ms - 13257[0m
[0mGET /data/co_roads/11/421/782.pbf [32m200[0m 6.275 ms - 16300[0m
[0mGET /data/co_roads/11/421/784.pbf [32m200[0m 8.433 ms - 20061[0m
[0mGET /data/co_roads/11/420/783.pbf [32m200[0m 10.528 ms - 40170[0m
[0mGET /data/co_roads/11/420/784.pbf [32m200[0m 11.387 ms - 40765[0m
[0mGET /data/co_roads/11/419/783.pbf [32m200[0m 6.476 ms - 26916[0m
[0mGET /data/co_roads/11/422/783.pbf [32m200[0m 4.470 ms - 22070[0m
[0mGET /data/co_roads/11/422/784.pbf [32m200[0m 4.404 ms - 17377[0m
[0mGET /data/co_roads/11/419/784.pbf [32m200[0m 6.911 ms - 28567[0m
[0mGET /data/co_roads/11/419/782.pbf [32m200[0m 5.128 ms - 19340[0m
[0mGET /data/co_roads/11/422/782.pbf [32m200[0m 4.011 ms - 24851[0m
[0mGET /data/co_power_lines/12/841/1567.pbf [32m204[0m 0.708 ms - -[0m
[0mGET /data/co_power_lines/12/841/1566.pbf [32m204[0m 0.260 ms - -[0m
[0mGET /data/co_power_lines/12/842/1567.pbf [32m204[0m 1.607 ms - -[0m
[0mGET /data/co_power_lines/12/842/1566.pbf [32m204[0m 1.423 ms - -[0m
[0mGET /data/co_power_lines/12/843/1567.pbf [32m204[0m 1.088 ms - -[0m
[0mGET /data/co_power_lines/12/843/1566.pbf [32m204[0m 0.764 ms - -[0m
[0mGET /data/co_power_lines/12/840/1567.pbf [32m200[0m 3.643 ms - 607[0m
[0mGET /data/co_power_lines/12/840/1566.pbf [32m200[0m 3.275 ms - 645[0m
[0mGET /data/co_railways/12/841/1567.pbf [32m200[0m 2.508 ms - 2910[0m
[0mGET /data/co_railways/12/841/1566.pbf [32m200[0m 2.288 ms - 1264[0m
[0mGET /data/co_railways/12/842/1567.pbf [32m200[0m 1.288 ms - 1223[0m
[0mGET /data/co_railways/12/843/1567.pbf [32m204[0m 0.696 ms - -[0m
[0mGET /data/co_railways/12/842/1566.pbf [32m200[0m 3.369 ms - 1272[0m
[0mGET /data/co_railways/12/840/1567.pbf [32m200[0m 4.331 ms - 1792[0m
[0mGET /data/co_railways/12/840/1566.pbf [32m200[0m 4.618 ms - 750[0m
[0mGET /data/co_railways/12/843/1566.pbf [32m200[0m 4.349 ms - 249[0m
[0mGET /data/co_roads/12/841/1567.pbf [32m200[0m 6.051 ms - 10549[0m
[0mGET /data/co_roads/12/841/1566.pbf [32m200[0m 4.820 ms - 5324[0m
[0mGET /data/co_roads/12/842/1567.pbf [32m200[0m 5.117 ms - 10018[0m
[0mGET /data/co_roads/12/842/1566.pbf [32m200[0m 4.451 ms - 8519[0m
[0mGET /data/co_roads/12/840/1566.pbf [32m200[0m 4.909 ms - 9715[0m
[0mGET /data/co_roads/12/843/1567.pbf [32m200[0m 3.416 ms - 7333[0m
[0mGET /data/co_roads/12/843/1566.pbf [32m200[0m 2.561 ms - 6721[0m
[0mGET /data/co_roads/12/840/1567.pbf [32m200[0m 8.383 ms - 35876[0m
[0mGET /data/co_power_lines/13/1683/3134.pbf [32m204[0m 1.753 ms - -[0m
[0mGET /data/co_power_lines/13/1683/3133.pbf [32m204[0m 1.639 ms - -[0m
[0mGET /data/co_power_lines/13/1684/3134.pbf [32m204[0m 1.056 ms - -[0m
[0mGET /data/co_power_lines/13/1684/3133.pbf [32m204[0m 1.124 ms - -[0m
[0mGET /data/co_power_lines/13/1685/3133.pbf [32m204[0m 0.582 ms - -[0m
[0mGET /data/co_power_lines/13/1682/3133.pbf [32m204[0m 0.959 ms - -[0m
[0mGET /data/co_power_lines/13/1685/3134.pbf [32m204[0m 0.990 ms - -[0m
[0mGET /data/co_power_lines/13/1682/3134.pbf [32m204[0m 1.460 ms - -[0m
[0mGET /data/co_railways/13/1683/3134.pbf [32m200[0m 2.848 ms - 890[0m
[0mGET /data/co_railways/13/1682/3134.pbf [32m204[0m 1.281 ms - -[0m
[0mGET /data/co_railways/13/1685/3134.pbf [32m204[0m 1.276 ms - -[0m
[0mGET /data/co_railways/13/1684/3134.pbf [32m200[0m 3.022 ms - 937[0m
[0mGET /data/co_railways/13/1683/3133.pbf [32m200[0m 4.010 ms - 1133[0m
[0mGET /data/co_railways/13/1684/3133.pbf [32m200[0m 4.367 ms - 1197[0m
[0mGET /data/co_railways/13/1682/3133.pbf [32m200[0m 3.792 ms - 550[0m
[0mGET /data/co_railways/13/1685/3133.pbf [32m200[0m 3.101 ms - 382[0m
[0mGET /data/co_roads/13/1683/3134.pbf [32m200[0m 3.191 ms - 2339[0m
[0mGET /data/co_roads/13/1683/3133.pbf [32m200[0m 2.768 ms - 1927[0m
[0mGET /data/co_roads/13/1684/3134.pbf [32m200[0m 3.084 ms - 3686[0m
[0mGET /data/co_roads/13/1682/3134.pbf [32m200[0m 4.594 ms - 2554[0m
[0mGET /data/co_roads/13/1684/3133.pbf [32m200[0m 5.182 ms - 4375[0m
[0mGET /data/co_roads/13/1682/3133.pbf [32m200[0m 3.648 ms - 1660[0m
[0mGET /data/co_roads/13/1685/3134.pbf [32m200[0m 2.812 ms - 4314[0m
[0mGET /data/co_roads/13/1685/3133.pbf [32m200[0m 2.859 ms - 4857[0m
[0mGET /data/co_roads/11/419/782.pbf [32m200[0m 3.081 ms - 19340[0m
[0mGET /data/co_roads/11/422/782.pbf [32m200[0m 4.333 ms - 24851[0m
[0mGET /data/co_railways/11/421/783.pbf [32m200[0m 2.955 ms - 1935[0m
[0mGET /data/co_railways/11/420/783.pbf [32m200[0m 4.214 ms - 3513[0m
[0mGET /data/co_railways/11/420/782.pbf [32m200[0m 3.708 ms - 597[0m
[0mGET /data/co_railways/11/420/784.pbf [32m200[0m 4.072 ms - 2670[0m
[0mGET /data/co_railways/11/421/784.pbf [32m200[0m 3.994 ms - 883[0m
[0mGET /data/co_railways/11/421/782.pbf [32m200[0m 3.705 ms - 1004[0m
[0mGET /data/co_railways/11/419/783.pbf [32m200[0m 2.054 ms - 795[0m
[0mGET /data/co_railways/11/422/784.pbf [32m204[0m 1.181 ms - -[0m
[0mGET /data/co_railways/11/422/783.pbf [32m200[0m 2.021 ms - 255[0m
[0mGET /data/co_railways/11/419/784.pbf [32m200[0m 2.577 ms - 1399[0m
[0mGET /data/co_railways/11/422/782.pbf [32m200[0m 2.045 ms - 596[0m
[0mGET /data/co_railways/11/419/782.pbf [32m200[0m 2.677 ms - 1255[0m
[0mGET /data/co_railways/12/841/1567.pbf [32m200[0m 4.226 ms - 2910[0m
[0mGET /data/co_railways/12/841/1566.pbf [32m200[0m 3.699 ms - 1264[0m
[0mGET /data/co_railways/12/842/1567.pbf [32m200[0m 4.021 ms - 1223[0m
[0mGET /data/co_railways/12/840/1567.pbf [32m200[0m 4.016 ms - 1792[0m
[0mGET /data/co_railways/12/842/1566.pbf [32m200[0m 4.126 ms - 1272[0m
[0mGET /data/co_railways/12/841/1568.pbf [32m200[0m 5.509 ms - 2391[0m
[0mGET /data/co_railways/12/843/1567.pbf [32m204[0m 1.091 ms - -[0m
[0mGET /data/co_railways/12/840/1566.pbf [32m200[0m 3.822 ms - 750[0m
[0mGET /data/co_railways/12/842/1568.pbf [32m200[0m 3.254 ms - 442[0m
[0mGET /data/co_railways/12/840/1568.pbf [32m200[0m 3.947 ms - 1532[0m
[0mGET /data/co_railways/12/843/1568.pbf [32m204[0m 1.139 ms - -[0m
[0mGET /data/co_railways/12/839/1568.pbf [32m204[0m 1.387 ms - -[0m
[0mGET /data/co_railways/12/839/1567.pbf [32m200[0m 4.193 ms - 342[0m
[0mGET /data/co_railways/12/843/1566.pbf [32m200[0m 2.952 ms - 249[0m
[0mGET /data/co_railways/12/839/1566.pbf [32m200[0m 2.745 ms - 579[0m
[0mGET /data/co_roads/12/841/1568.pbf [32m200[0m 4.000 ms - 12199[0m
[0mGET /data/co_roads/12/842/1568.pbf [32m200[0m 4.448 ms - 6998[0m
[0mGET /data/co_roads/12/839/1566.pbf [32m200[0m 4.493 ms - 10182[0m
[0mGET /data/co_roads/12/839/1567.pbf [32m200[0m 5.911 ms - 19428[0m
[0mGET /data/co_roads/12/840/1568.pbf [32m200[0m 6.989 ms - 27152[0m
[0mGET /data/co_railways/13/1682/3134.pbf [32m204[0m 1.501 ms - -[0m
[0mGET /data/co_railways/13/1683/3135.pbf [32m200[0m 4.035 ms - 1421[0m
[0mGET /data/co_railways/13/1682/3135.pbf [32m200[0m 4.095 ms - 1872[0m
[0mGET /data/co_railways/13/1683/3134.pbf [32m200[0m 3.754 ms - 890[0m
[0mGET /data/co_railways/13/1682/3136.pbf [32m200[0m 4.469 ms - 1659[0m
[0mGET /data/co_railways/13/1681/3135.pbf [32m200[0m 3.975 ms - 1103[0m
[0mGET /data/co_railways/13/1683/3136.pbf [32m200[0m 3.869 ms - 546[0m
[0mGET /data/co_railways/13/1684/3136.pbf [32m204[0m 1.415 ms - -[0m
[0mGET /data/co_railways/13/1681/3134.pbf [32m200[0m 3.626 ms - 489[0m
[0mGET /data/co_railways/13/1684/3135.pbf [32m200[0m 3.591 ms - 676[0m
[0mGET /data/co_railways/13/1681/3136.pbf [32m200[0m 3.613 ms - 943[0m
[0mGET /data/co_railways/13/1684/3134.pbf [32m200[0m 3.776 ms - 937[0m
[0mGET /data/co_roads/13/1682/3135.pbf [32m200[0m 3.605 ms - 5140[0m
[0mGET /data/co_roads/13/1683/3135.pbf [32m200[0m 4.028 ms - 3656[0m
[0mGET /data/co_roads/13/1683/3136.pbf [32m200[0m 3.141 ms - 2857[0m
[0mGET /data/co_roads/13/1682/3136.pbf [32m200[0m 3.916 ms - 5252[0m
[0mGET /data/co_roads/13/1681/3134.pbf [32m200[0m 5.043 ms - 5097[0m
[0mGET /data/co_roads/13/1681/3135.pbf [32m200[0m 6.089 ms - 18884[0m
[0mGET /data/co_roads/13/1684/3135.pbf [32m200[0m 6.199 ms - 2803[0m
[0mGET /data/co_roads/13/1684/3136.pbf [32m200[0m 2.932 ms - 1735[0m
[0mGET /data/co_roads/13/1681/3136.pbf [32m200[0m 3.826 ms - 10191[0m
[0mGET /data/co_power_lines/7/24/48.pbf [32m200[0m 6.770 ms - 1112[0m
[0mGET /data/co_power_lines/7/25/49.pbf [32m200[0m 10.694 ms - 17795[0m
[0mGET /data/co_power_lines/7/25/48.pbf [32m200[0m 11.439 ms - 25856[0m
[0mGET /data/co_power_lines/7/28/48.pbf [32m204[0m 0.693 ms - -[0m
[0mGET /data/co_power_lines/7/26/49.pbf [32m200[0m 15.322 ms - 40883[0m
[0mGET /data/co_power_lines/7/24/49.pbf [32m200[0m 3.168 ms - 220[0m
[0mGET /data/co_power_lines/7/28/49.pbf [32m204[0m 1.031 ms - -[0m
[0mGET /data/co_power_lines/7/27/49.pbf [32m200[0m 11.614 ms - 27381[0m
[0mGET /data/co_power_lines/7/27/48.pbf [32m200[0m 36.063 ms - 53630[0m
[0mGET /data/co_power_lines/7/26/48.pbf [32m200[0m 51.389 ms - 123780[0m
[0mGET /data/co_roads/7/27/48.pbf [32m200[0m 65.840 ms - 224180[0m
[0mGET /data/co_roads/7/24/48.pbf [32m200[0m 5.601 ms - 11171[0m
[0mGET /data/co_roads/7/25/49.pbf [32m200[0m 63.063 ms - 257284[0m
[0mGET /data/co_roads/7/25/48.pbf [32m200[0m 78.117 ms - 313011[0m
[0mGET /data/co_roads/7/24/49.pbf [32m200[0m 3.891 ms - 11020[0m
[0mGET /data/co_roads/7/28/48.pbf [32m204[0m 0.483 ms - -[0m
[0mGET /data/co_roads/7/28/49.pbf [32m204[0m 0.300 ms - -[0m
[0mGET /data/co_roads/7/26/49.pbf [32m200[0m 85.030 ms - 363577[0m
[0mGET /data/co_roads/7/27/49.pbf [32m200[0m 64.736 ms - 183774[0m
[0mGET /data/co_roads/7/26/48.pbf [32m200[0m 97.127 ms - 432446[0m
[0mGET /data/co_power_lines/6/14/24.pbf [32m200[0m 3.226 ms - 5572[0m
[0mGET /data/co_power_lines/6/12/24.pbf [32m200[0m 12.580 ms - 33648[0m
[0mGET /data/co_roads/6/14/24.pbf [32m200[0m 17.339 ms - 43666[0m
[0mGET /data/co_power_lines/6/13/24.pbf [32m200[0m 31.005 ms - 124669[0m
[0mGET /data/co_roads/6/12/24.pbf [32m200[0m 45.236 ms - 276896[0m
[0mGET /data/co_roads/6/13/24.pbf [32m200[0m 58.160 ms - 445067[0m
[0mGET /data/co_power_lines/6/13/23.pbf [32m200[0m 7.942 ms - 38313[0m
[0mGET /data/co_power_lines/6/14/25.pbf [32m200[0m 2.152 ms - 845[0m
[0mGET /data/co_power_lines/6/13/25.pbf [32m200[0m 5.538 ms - 7924[0m
[0mGET /data/co_power_lines/6/12/25.pbf [32m200[0m 5.890 ms - 6781[0m
[0mGET /data/co_power_lines/6/12/23.pbf [32m200[0m 6.076 ms - 8717[0m
[0mGET /data/co_power_lines/6/11/24.pbf [32m204[0m 0.533 ms - -[0m
[0mGET /data/co_power_lines/6/11/25.pbf [32m204[0m 0.411 ms - -[0m
[0mGET /data/co_power_lines/6/14/23.pbf [32m200[0m 2.665 ms - 1349[0m
[0mGET /data/co_power_lines/6/11/23.pbf [32m204[0m 1.308 ms - -[0m
[0mGET /data/co_power_lines/6/13/23.pbf [32m200[0m 16.157 ms - 38313[0m
[0mGET /data/co_roads/6/12/25.pbf [32m200[0m 7.119 ms - 49475[0m
[0mGET /data/co_roads/6/13/25.pbf [32m200[0m 12.704 ms - 79691[0m
[0mGET /data/co_roads/6/14/25.pbf [32m200[0m 2.297 ms - 9110[0m
[0mGET /data/co_power_lines/6/13/24.pbf [32m200[0m 34.408 ms - 124669[0m
[0mGET /data/co_roads/6/11/24.pbf [32m204[0m 2.251 ms - -[0m
[0mGET /data/co_roads/6/11/25.pbf [32m204[0m 3.002 ms - -[0m
[0mGET /data/co_roads/6/14/23.pbf [32m200[0m 9.379 ms - 14275[0m
[0mGET /data/co_roads/6/12/23.pbf [32m200[0m 18.075 ms - 79152[0m
[0mGET /data/co_roads/6/13/23.pbf [32m200[0m 24.168 ms - 127499[0m
[0mGET /data/co_roads/6/11/23.pbf [32m204[0m 0.761 ms - -[0m
[0mGET /data/co_roads/6/12/24.pbf [32m200[0m 42.836 ms - 276896[0m
[0mGET /data/co_roads/6/13/24.pbf [32m200[0m 63.666 ms - 445067[0m
[0mGET /data/co_roads/6/14/23.pbf [32m200[0m 2.226 ms - 14275[0m
[0mGET /data/co_roads/6/12/23.pbf [32m200[0m 14.342 ms - 79152[0m
[0mGET /data/co_roads/6/13/23.pbf [32m200[0m 20.732 ms - 127499[0m
[0mGET /data/co_power_lines/8/54/98.pbf [32m200[0m 6.954 ms - 9371[0m
[0mGET /data/co_power_lines/8/52/98.pbf [32m200[0m 8.732 ms - 10802[0m
[0mGET /data/co_power_lines/8/54/97.pbf [32m200[0m 9.351 ms - 16386[0m
[0mGET /data/co_power_lines/8/53/98.pbf [32m200[0m 12.877 ms - 29650[0m
[0mGET /data/co_power_lines/8/52/97.pbf [32m200[0m 13.815 ms - 29137[0m
[0mGET /data/co_railways/8/54/97.pbf [32m200[0m 4.330 ms - 6803[0m
[0mGET /data/co_railways/8/52/98.pbf [32m200[0m 2.973 ms - 18320[0m
[0mGET /data/co_railways/8/54/98.pbf [32m200[0m 3.269 ms - 15644[0m
[0mGET /data/co_railways/8/52/97.pbf [32m200[0m 10.170 ms - 37653[0m
[0mGET /data/co_railways/8/53/98.pbf [32m200[0m 11.043 ms - 42610[0m
[0mGET /data/co_power_lines/8/53/97.pbf [32m200[0m 31.005 ms - 91068[0m
[0mGET /data/co_railways/8/53/97.pbf [32m200[0m 24.266 ms - 93039[0m
[0mGET /data/co_roads/8/54/97.pbf [32m200[0m 28.195 ms - 185080[0m
[0mGET /data/co_roads/8/54/98.pbf [32m200[0m 31.845 ms - 181698[0m
[0mGET /data/co_roads/8/53/98.pbf [32m200[0m 52.794 ms - 360528[0m
[0mGET /data/co_roads/8/52/97.pbf [32m200[0m 57.148 ms - 396007[0m
[0mGET /data/co_roads/8/53/97.pbf [32m200[0m 61.151 ms - 435209[0m
[0mGET /data/co_roads/8/52/98.pbf [32m200[0m 51.374 ms - 326506[0m
[0mGET /data/co_power_lines/9/107/195.pbf [32m200[0m 4.692 ms - 25479[0m
[0mGET /data/co_power_lines/9/106/196.pbf [32m200[0m 5.177 ms - 21942[0m
[0mGET /data/co_power_lines/9/107/196.pbf [32m200[0m 5.538 ms - 24344[0m
[0mGET /data/co_power_lines/9/106/195.pbf [32m200[0m 6.063 ms - 29453[0m
[0mGET /data/co_power_lines/9/108/195.pbf [32m200[0m 1.859 ms - 7345[0m
[0mGET /data/co_power_lines/9/108/196.pbf [32m200[0m 4.787 ms - 1431[0m
[0mGET /data/co_railways/9/108/196.pbf [32m200[0m 2.709 ms - 2665[0m
[0mGET /data/co_railways/9/107/195.pbf [32m200[0m 5.597 ms - 15090[0m
[0mGET /data/co_railways/9/106/195.pbf [32m200[0m 6.723 ms - 19687[0m
[0mGET /data/co_railways/9/108/195.pbf [32m200[0m 3.200 ms - 3159[0m
[0mGET /data/co_railways/9/106/196.pbf [32m200[0m 11.336 ms - 32059[0m
[0mGET /data/co_railways/9/107/196.pbf [32m200[0m 11.582 ms - 30354[0m
[0mGET /data/co_roads/9/108/196.pbf [32m200[0m 8.908 ms - 49504[0m
[0mGET /data/co_roads/9/108/195.pbf [32m200[0m 10.490 ms - 67376[0m
[0mGET /data/co_power_lines/10/214/391.pbf [32m200[0m 4.132 ms - 14539[0m
[0mGET /data/co_power_lines/10/214/392.pbf [32m200[0m 4.491 ms - 14146[0m
[0mGET /data/co_power_lines/10/215/391.pbf [32m200[0m 3.315 ms - 1869[0m
[0mGET /data/co_power_lines/10/213/391.pbf [32m200[0m 3.444 ms - 11654[0m
[0mGET /data/co_power_lines/10/215/392.pbf [32m200[0m 1.883 ms - 866[0m
[0mGET /data/co_power_lines/10/216/391.pbf [32m200[0m 2.083 ms - 1999[0m
[0mGET /data/co_power_lines/10/213/392.pbf [32m200[0m 3.128 ms - 11372[0m
[0mGET /data/co_roads/9/107/196.pbf [32m200[0m 32.538 ms - 197826[0m
[0mGET /data/co_power_lines/10/216/392.pbf [32m200[0m 1.981 ms - 303[0m
[0mGET /data/co_power_lines/10/212/391.pbf [32m200[0m 1.984 ms - 2374[0m
[0mGET /data/co_power_lines/10/212/392.pbf [32m200[0m 2.156 ms - 2534[0m
[0mGET /data/co_railways/10/214/391.pbf [32m200[0m 2.298 ms - 9009[0m
[0mGET /data/co_railways/10/214/392.pbf [32m200[0m 2.217 ms - 8747[0m
[0mGET /data/co_roads/9/107/195.pbf [32m200[0m 45.148 ms - 247340[0m
[0mGET /data/co_railways/10/215/391.pbf [32m200[0m 2.202 ms - 860[0m
[0mGET /data/co_railways/10/215/392.pbf [32m200[0m 1.097 ms - 214[0m
[0mGET /data/co_railways/10/213/391.pbf [32m200[0m 3.002 ms - 12326[0m
[0mGET /data/co_roads/9/106/196.pbf [32m200[0m 41.964 ms - 267633[0m
[0mGET /data/co_railways/10/216/392.pbf [32m204[0m 0.736 ms - -[0m
[0mGET /data/co_railways/10/213/392.pbf [32m200[0m 3.153 ms - 12741[0m
[0mGET /data/co_railways/10/216/391.pbf [32m200[0m 1.599 ms - 198[0m
[0mGET /data/co_roads/9/106/195.pbf [32m200[0m 53.586 ms - 314603[0m
[0mGET /data/co_roads/10/215/392.pbf [32m200[0m 15.452 ms - 32823[0m
[0mGET /data/co_roads/10/215/391.pbf [32m200[0m 19.168 ms - 58590[0m
[0mGET /data/co_roads/10/214/392.pbf [32m200[0m 26.323 ms - 139990[0m
[0mGET /data/co_roads/10/213/392.pbf [32m200[0m 27.001 ms - 165734[0m
[0mGET /data/co_roads/10/214/391.pbf [32m200[0m 36.695 ms - 233215[0m
[0mGET /data/co_roads/10/213/391.pbf [32m200[0m 37.564 ms - 253855[0m
[0mGET /data/co_railways/10/216/392.pbf [32m204[0m 0.660 ms - -[0m
[0mGET /data/co_power_lines/10/216/391.pbf [32m200[0m 3.065 ms - 1999[0m
[0mGET /data/co_power_lines/10/216/392.pbf [32m200[0m 3.687 ms - 303[0m
[0mGET /data/co_railways/10/216/391.pbf [32m200[0m 3.822 ms - 198[0m
[0mGET /data/co_roads/10/216/392.pbf [32m200[0m 4.242 ms - 18550[0m
[0mGET /data/co_roads/10/216/391.pbf [32m200[0m 5.774 ms - 23881[0m
[0mGET /data/co_power_lines/10/212/391.pbf [32m200[0m 1.632 ms - 2374[0m
[0mGET /data/co_power_lines/10/212/392.pbf [32m200[0m 1.894 ms - 2534[0m
[0mGET /data/co_railways/10/212/391.pbf [32m200[0m 3.073 ms - 2969[0m
[0mGET /data/co_railways/10/212/392.pbf [32m200[0m 2.654 ms - 2808[0m
[0mGET /data/co_roads/10/212/392.pbf [32m200[0m 13.322 ms - 85096[0m
[0mGET /data/co_railways/9/107/195.pbf [32m200[0m 3.072 ms - 15090[0m
[0mGET /data/co_roads/10/212/391.pbf [0m-[0m - ms - -[0m
[0mGET /data/co_railways/9/107/196.pbf [32m200[0m 4.785 ms - 30354[0m
[0mGET /data/co_railways/9/108/196.pbf [32m200[0m 1.533 ms - 2665[0m
[0mGET /data/co_railways/9/108/195.pbf [32m200[0m 3.108 ms - 3159[0m
[0mGET /data/co_railways/9/106/195.pbf [32m200[0m 5.449 ms - 19687[0m
[0mGET /data/co_railways/9/106/196.pbf [32m200[0m 6.653 ms - 32059[0m
[0mGET /data/co_roads/9/108/196.pbf [32m200[0m 7.144 ms - 49504[0m
[0mGET /data/co_roads/9/108/195.pbf [32m200[0m 9.750 ms - 67376[0m
[0mGET /data/co_roads/9/107/196.pbf [32m200[0m 23.403 ms - 197826[0m
[0mGET /data/co_roads/9/107/195.pbf [32m200[0m 32.295 ms - 247340[0m
[0mGET /data/co_roads/9/106/196.pbf [32m200[0m 35.005 ms - 267633[0m
[0mGET /data/co_roads/9/106/195.pbf [32m200[0m 38.763 ms - 314603[0m
[0mGET /data/co_power_lines/9/105/195.pbf [32m200[0m 5.625 ms - 8156[0m
[0mGET /data/co_power_lines/9/105/196.pbf [32m200[0m 1.367 ms - 4623[0m
[0mGET /data/co_railways/9/105/196.pbf [32m200[0m 1.370 ms - 8293[0m
[0mGET /data/co_railways/9/105/195.pbf [32m200[0m 1.751 ms - 10666[0m
[0mGET /data/co_roads/9/105/196.pbf [32m200[0m 15.101 ms - 165740[0m
[0mGET /data/co_roads/9/105/195.pbf [32m200[0m 18.831 ms - 193799[0m
[0mGET /data/co_power_lines/8/54/97.pbf [32m200[0m 4.959 ms - 16386[0m
[0mGET /data/co_power_lines/8/53/98.pbf [32m200[0m 8.008 ms - 29650[0m
[0mGET /data/co_power_lines/8/52/97.pbf [32m200[0m 8.246 ms - 29137[0m
[0mGET /data/co_railways/8/53/98.pbf [32m200[0m 9.728 ms - 42610[0m
[0mGET /data/co_railways/8/54/97.pbf [32m200[0m 3.838 ms - 6803[0m
[0mGET /data/co_railways/8/54/98.pbf [32m200[0m 4.532 ms - 15644[0m
[0mGET /data/co_railways/8/52/97.pbf [32m200[0m 6.163 ms - 37653[0m
[0mGET /data/co_railways/8/52/98.pbf [32m200[0m 5.020 ms - 18320[0m
[0mGET /data/co_power_lines/8/53/97.pbf [32m200[0m 21.840 ms - 91068[0m
[0mGET /data/co_railways/8/53/97.pbf [32m200[0m 22.398 ms - 93039[0m
[0mGET /data/co_roads/8/54/97.pbf [32m200[0m 24.660 ms - 185080[0m
[0mGET /data/co_roads/8/52/98.pbf [32m200[0m 40.399 ms - 326506[0m
[0mGET /data/co_roads/8/54/98.pbf [32m200[0m 32.557 ms - 181698[0m
[0mGET /data/co_roads/8/53/98.pbf [32m200[0m 48.767 ms - 360528[0m
[0mGET /data/co_roads/8/53/97.pbf [32m200[0m 57.250 ms - 435209[0m
[0mGET /data/co_roads/8/52/97.pbf [32m200[0m 56.709 ms - 396007[0m
[0mGET /data/co_roads/9/108/196.pbf [32m200[0m 10.762 ms - 49504[0m
[0mGET /data/co_roads/9/108/195.pbf [32m200[0m 12.736 ms - 67376[0m
[0mGET /data/co_roads/9/107/196.pbf [32m200[0m 42.244 ms - 197826[0m
[0mGET /data/co_roads/9/107/195.pbf [32m200[0m 50.598 ms - 247340[0m
[0mGET /data/co_roads/9/106/196.pbf [32m200[0m 51.301 ms - 267633[0m
[0mGET /data/co_roads/9/105/196.pbf [32m200[0m 37.009 ms - 165740[0m
[0mGET /data/co_roads/9/106/195.pbf [32m200[0m 59.352 ms - 314603[0m
[0mGET /data/co_roads/9/105/195.pbf [32m200[0m 43.311 ms - 193799[0m
[0mGET /data/co_roads/8/54/98.pbf [32m200[0m 38.771 ms - 181698[0m
[0mGET /data/co_roads/8/54/97.pbf [32m200[0m 43.457 ms - 185080[0m
[0mGET /data/co_roads/8/52/98.pbf [32m200[0m 58.040 ms - 326506[0m
[0mGET /data/co_roads/8/53/98.pbf [32m200[0m 66.324 ms - 360528[0m
[0mGET /data/co_roads/8/52/97.pbf [32m200[0m 74.238 ms - 396007[0m
[0mGET /data/co_roads/8/53/97.pbf [32m200[0m 80.342 ms - 435209[0m
[0mGET /data/co_power_lines/8/51/97.pbf [32m200[0m 2.295 ms - 16965[0m
[0mGET /data/co_power_lines/8/51/98.pbf [32m200[0m 2.383 ms - 9220[0m
[0mGET /data/co_roads/6/14/24.pbf [32m200[0m 9.176 ms - 43666[0m
[0mGET /data/co_roads/6/12/24.pbf [32m200[0m 35.872 ms - 276896[0m
[0mGET /data/co_roads/6/13/24.pbf [32m200[0m 50.079 ms - 445067[0m
[0mGET /data/co_roads/6/11/24.pbf [32m204[0m 1.919 ms - -[0m
[0mGET /data/co_roads/6/11/23.pbf [32m204[0m 2.298 ms - -[0m
[0mGET /data/co_roads/6/14/23.pbf [32m200[0m 4.993 ms - 14275[0m
[0mGET /data/co_roads/6/12/23.pbf [32m200[0m 14.371 ms - 79152[0m
[0mGET /data/co_roads/6/13/23.pbf [32m200[0m 21.176 ms - 127499[0m
[0mGET /data/co_roads/6/11/25.pbf [32m204[0m 6.569 ms - -[0m
[0mGET /data/co_roads/6/14/25.pbf [32m200[0m 10.444 ms - 9110[0m
[0mGET /data/co_roads/6/12/25.pbf [32m200[0m 15.676 ms - 49475[0m
[0mGET /data/co_roads/6/13/25.pbf [32m200[0m 21.014 ms - 79691[0m
[0mGET /data/co_roads/7/27/49.pbf [32m200[0m 39.480 ms - 183774[0m
[0mGET /data/co_roads/7/27/48.pbf [32m200[0m 41.937 ms - 224180[0m
[0mGET /data/co_roads/7/25/49.pbf [32m200[0m 57.365 ms - 257284[0m
[0mGET /data/co_roads/7/25/48.pbf [32m200[0m 63.269 ms - 313011[0m
[0mGET /data/co_roads/7/26/49.pbf [32m200[0m 78.789 ms - 363577[0m
[0mGET /data/co_roads/7/26/48.pbf [32m200[0m 81.934 ms - 432446[0m
[0mGET /data/co_power_lines/8/51/98.pbf [32m200[0m 2.747 ms - 9220[0m
[0mGET /data/co_railways/8/51/98.pbf [32m200[0m 7.729 ms - 16135[0m
[0mGET /data/co_power_lines/8/51/97.pbf [32m200[0m 6.739 ms - 16965[0m
[0mGET /data/co_railways/8/51/97.pbf [32m200[0m 7.331 ms - 23365[0m
[0mGET /data/co_roads/8/51/97.pbf [32m200[0m 47.806 ms - 304517[0m
[0mGET /data/co_roads/8/52/98.pbf [32m200[0m 59.689 ms - 326506[0m
[0mGET /data/co_roads/8/51/98.pbf [32m200[0m 50.756 ms - 296615[0m
[0mGET /data/co_roads/8/52/97.pbf [32m200[0m 74.695 ms - 396007[0m
[0mGET /data/co_roads/8/53/98.pbf [32m200[0m 67.347 ms - 360528[0m
[0mGET /data/co_roads/8/53/97.pbf [32m200[0m 84.922 ms - 435209[0m
[0mGET /data/co_roads/8/54/97.pbf [32m200[0m 29.727 ms - 185080[0m
[0mGET /data/co_power_lines/9/104/195.pbf [32m200[0m 1.699 ms - 7740[0m
[0mGET /data/co_power_lines/9/104/194.pbf [32m200[0m 1.852 ms - 10343[0m
[0mGET /data/co_power_lines/9/105/194.pbf [32m200[0m 2.823 ms - 11660[0m
[0mGET /data/co_railways/9/105/194.pbf [32m200[0m 1.893 ms - 13144[0m
[0mGET /data/co_railways/9/104/194.pbf [32m200[0m 1.783 ms - 12241[0m
[0mGET /data/co_power_lines/9/107/194.pbf [32m200[0m 7.149 ms - 42678[0m
[0mGET /data/co_railways/9/107/194.pbf [32m200[0m 5.292 ms - 29039[0m
[0mGET /data/co_power_lines/9/106/194.pbf [32m200[0m 10.477 ms - 62995[0m
[0mGET /data/co_railways/9/104/195.pbf [32m200[0m 2.204 ms - 11726[0m
[0mGET /data/co_railways/9/106/194.pbf [32m200[0m 14.880 ms - 76033[0m
[0mGET /data/co_roads/9/104/195.pbf [32m200[0m 17.688 ms - 138599[0m
[0mGET /data/co_roads/9/104/194.pbf [32m200[0m 21.596 ms - 166705[0m
[0mGET /data/co_roads/9/105/194.pbf [32m200[0m 32.699 ms - 218468[0m
[0mGET /data/co_roads/9/107/194.pbf [32m200[0m 33.884 ms - 238387[0m
[0mGET /data/co_roads/9/106/194.pbf [32m200[0m 50.898 ms - 424915[0m
[0mGET /data/co_roads/9/107/194.pbf [32m200[0m 19.828 ms - 238387[0m
[0mGET /data/co_roads/8/54/97.pbf [32m200[0m 22.388 ms - 185080[0m
[0mGET /data/co_roads/7/27/48.pbf [32m200[0m 33.489 ms - 224180[0m
[0mGET /data/co_roads/7/25/49.pbf [32m200[0m 36.291 ms - 257284[0m
[0mGET /data/co_roads/7/25/48.pbf [32m200[0m 43.501 ms - 313011[0m
[0mGET /data/co_roads/7/26/49.pbf [32m200[0m 51.983 ms - 363577[0m
[0mGET /data/co_roads/7/26/48.pbf [32m200[0m 60.754 ms - 432446[0m
[0mGET /data/co_roads/7/28/48.pbf [32m204[0m 0.364 ms - -[0m
[0mGET /data/co_roads/7/28/49.pbf [32m204[0m 0.328 ms - -[0m
[0mGET /data/co_roads/7/24/48.pbf [32m200[0m 2.871 ms - 11171[0m
[0mGET /data/co_roads/7/24/49.pbf [32m200[0m 3.403 ms - 11020[0m
[0mGET /data/co_power_lines/7/25/49.pbf [32m200[0m 4.395 ms - 17795[0m
[0mGET /data/co_power_lines/7/25/48.pbf [32m200[0m 10.898 ms - 25856[0m
[0mGET /data/co_power_lines/7/27/49.pbf [32m200[0m 9.664 ms - 27381[0m
[0mGET /data/co_power_lines/7/24/48.pbf [32m200[0m 15.742 ms - 1112[0m
[0mGET /data/co_power_lines/7/26/49.pbf [32m200[0m 25.790 ms - 40883[0m
[0mGET /data/co_power_lines/7/27/48.pbf [32m200[0m 26.178 ms - 53630[0m
[0mGET /data/co_power_lines/7/28/48.pbf [32m204[0m 1.869 ms - -[0m
[0mGET /data/co_power_lines/7/28/49.pbf [32m204[0m 1.217 ms - -[0m
[0mGET /data/co_power_lines/7/24/49.pbf [32m200[0m 3.392 ms - 220[0m
[0mGET /data/co_power_lines/7/26/48.pbf [32m200[0m 50.404 ms - 123780[0m
[0mGET /data/co_roads/7/24/48.pbf [32m200[0m 6.513 ms - 11171[0m
[0mGET /data/co_roads/7/28/48.pbf [32m204[0m 1.109 ms - -[0m
[0mGET /data/co_roads/7/24/49.pbf [32m200[0m 5.012 ms - 11020[0m
[0mGET /data/co_roads/7/25/49.pbf [32m200[0m 38.914 ms - 257284[0m
[0mGET /data/co_roads/7/27/48.pbf [32m200[0m 48.853 ms - 224180[0m
[0mGET /data/co_roads/7/28/49.pbf [32m204[0m 0.817 ms - -[0m
[0mGET /data/co_roads/7/25/48.pbf [32m200[0m 63.110 ms - 313011[0m
[0mGET /data/co_roads/7/26/49.pbf [32m200[0m 68.889 ms - 363577[0m
[0mGET /data/co_roads/7/27/49.pbf [32m200[0m 39.512 ms - 183774[0m
[0mGET /data/co_roads/7/26/48.pbf [32m200[0m 80.757 ms - 432446[0m
[0mGET /data/co_power_lines/7/25/49.pbf [32m200[0m 4.330 ms - 17795[0m
[0mGET /data/co_power_lines/7/25/48.pbf [32m200[0m 5.785 ms - 25856[0m
[0mGET /data/co_power_lines/7/24/48.pbf [32m200[0m 1.741 ms - 1112[0m
[0mGET /data/co_power_lines/7/24/49.pbf [32m200[0m 1.738 ms - 220[0m
[0mGET /data/co_power_lines/7/27/49.pbf [32m200[0m 8.110 ms - 27381[0m
[0mGET /data/co_power_lines/7/26/49.pbf [32m200[0m 9.540 ms - 40883[0m
[0mGET /data/co_power_lines/7/28/48.pbf [32m204[0m 0.688 ms - -[0m
[0mGET /data/co_power_lines/7/28/49.pbf [32m204[0m 0.637 ms - -[0m
[0mGET /data/co_power_lines/7/27/48.pbf [32m200[0m 13.615 ms - 53630[0m
[0mGET /data/co_power_lines/7/26/48.pbf [32m200[0m 30.473 ms - 123780[0m
[0mGET /data/co_roads/7/26/48.pbf [32m200[0m 37.054 ms - 432446[0m
[0mGET /data/co_roads/7/27/48.pbf [32m200[0m 29.145 ms - 224180[0m
[0mGET /data/co_roads/7/25/48.pbf [32m200[0m 34.892 ms - 313011[0m
[0mGET /data/co_roads/7/26/49.pbf [32m200[0m 44.173 ms - 363577[0m
[0mGET /data/co_roads/7/24/48.pbf [32m200[0m 1.151 ms - 11171[0m
[0mGET /data/co_roads/7/27/49.pbf [32m200[0m 18.071 ms - 183774[0m
[0mGET /data/co_roads/7/25/49.pbf [32m200[0m 23.354 ms - 257284[0m
[0mGET /data/co_roads/7/28/48.pbf [32m204[0m 0.562 ms - -[0m
[0mGET /data/co_roads/7/28/49.pbf [32m204[0m 0.509 ms - -[0m
[0mGET /data/co_roads/7/24/49.pbf [32m200[0m 2.681 ms - 11020[0m
[0mGET /data/co_power_lines/8/52/98.pbf [32m200[0m 3.136 ms - 10802[0m
[0mGET /data/co_power_lines/8/54/98.pbf [32m200[0m 3.600 ms - 9371[0m
[0mGET /data/co_power_lines/8/54/97.pbf [32m200[0m 5.853 ms - 16386[0m
[0mGET /data/co_power_lines/8/52/97.pbf [32m200[0m 6.681 ms - 29137[0m
[0mGET /data/co_power_lines/8/53/98.pbf [32m200[0m 7.115 ms - 29650[0m
[0mGET /data/co_power_lines/8/51/97.pbf [32m200[0m 3.428 ms - 16965[0m
[0mGET /data/co_power_lines/8/51/98.pbf [32m200[0m 1.588 ms - 9220[0m
[0mGET /data/co_power_lines/8/53/97.pbf [32m200[0m 19.281 ms - 91068[0m
[0mGET /data/co_roads/8/54/97.pbf [32m200[0m 28.304 ms - 185080[0m
[0mGET /data/co_roads/8/52/98.pbf [32m200[0m 47.416 ms - 326506[0m
[0mGET /data/co_roads/8/52/97.pbf [32m200[0m 57.228 ms - 396007[0m
[0mGET /data/co_roads/8/54/98.pbf [32m200[0m 45.484 ms - 181698[0m
[0mGET /data/co_roads/8/53/98.pbf [32m200[0m 57.615 ms - 360528[0m
[0mGET /data/co_roads/8/53/97.pbf [32m200[0m 69.890 ms - 435209[0m
[0mGET /data/co_roads/8/51/98.pbf [32m200[0m 47.149 ms - 296615[0m
[0mGET /data/co_roads/8/51/97.pbf [32m200[0m 34.495 ms - 304517[0m
[0mGET /data/co_power_lines/10/212/391.pbf [32m200[0m 2.326 ms - 2374[0m
[0mGET /data/co_power_lines/10/212/392.pbf [32m200[0m 2.980 ms - 2534[0m
[0mGET /data/co_power_lines/10/211/391.pbf [32m200[0m 2.917 ms - 2091[0m
[0mGET /data/co_power_lines/10/212/390.pbf [32m200[0m 3.311 ms - 1553[0m
[0mGET /data/co_power_lines/10/211/392.pbf [32m200[0m 3.370 ms - 1498[0m
[0mGET /data/co_power_lines/10/213/391.pbf [32m200[0m 4.776 ms - 11654[0m
[0mGET /data/co_power_lines/10/211/390.pbf [32m200[0m 3.052 ms - 2967[0m
[0mGET /data/co_power_lines/10/213/390.pbf [32m200[0m 2.887 ms - 9246[0m
[0mGET /data/co_power_lines/10/213/392.pbf [32m200[0m 3.287 ms - 11372[0m
[0mGET /data/co_roads/10/211/392.pbf [32m200[0m 8.832 ms - 60467[0m
[0mGET /data/co_roads/10/211/391.pbf [32m200[0m 11.637 ms - 76237[0m
[0mGET /data/co_roads/10/212/392.pbf [32m200[0m 13.275 ms - 85096[0m
[0mGET /data/co_roads/10/212/391.pbf [32m200[0m 16.717 ms - 127269[0m
[0mGET /data/co_roads/10/212/390.pbf [32m200[0m 5.656 ms - 66459[0m
[0mGET /data/co_roads/10/211/390.pbf [32m200[0m 6.049 ms - 67723[0m
[0mGET /data/co_roads/10/213/392.pbf [32m200[0m 22.555 ms - 165734[0m
[0mGET /data/co_roads/10/213/390.pbf [32m200[0m 17.577 ms - 158530[0m
[0mGET /data/co_roads/10/213/391.pbf [32m200[0m 31.246 ms - 253855[0m
[0mGET /data/co_power_lines/11/424/783.pbf [32m200[0m 2.314 ms - 478[0m
[0mGET /data/co_power_lines/11/423/783.pbf [32m204[0m 1.354 ms - -[0m
[0mGET /data/co_power_lines/11/425/783.pbf [32m200[0m 3.024 ms - 1047[0m
[0mGET /data/co_power_lines/11/424/782.pbf [32m200[0m 2.891 ms - 1865[0m
[0mGET /data/co_power_lines/11/425/782.pbf [32m200[0m 3.415 ms - 1743[0m
[0mGET /data/co_power_lines/11/423/782.pbf [32m200[0m 3.856 ms - 990[0m
[0mGET /data/co_power_lines/11/426/783.pbf [32m200[0m 2.940 ms - 1608[0m
[0mGET /data/co_power_lines/11/426/782.pbf [32m200[0m 2.949 ms - 1414[0m
[0mGET /data/co_roads/11/423/783.pbf [32m200[0m 4.040 ms - 21117[0m
[0mGET /data/co_roads/11/423/782.pbf [32m200[0m 4.369 ms - 26934[0m
[0mGET /data/co_roads/11/424/782.pbf [32m200[0m 7.465 ms - 49344[0m
[0mGET /data/co_roads/11/424/783.pbf [32m200[0m 8.635 ms - 58021[0m
[0mGET /data/co_roads/11/425/783.pbf [32m200[0m 12.454 ms - 78715[0m
[0mGET /data/co_roads/11/425/782.pbf [32m200[0m 11.482 ms - 72747[0m
[0mGET /data/co_roads/11/426/783.pbf [32m200[0m 9.207 ms - 62742[0m
[0mGET /data/co_roads/11/426/782.pbf [32m200[0m 9.799 ms - 82119[0m
[0mGET /data/co_roads/10/212/390.pbf [32m200[0m 10.378 ms - 66459[0m
[0mGET /data/co_roads/10/211/390.pbf [32m200[0m 10.727 ms - 67723[0m
[0mGET /data/co_power_lines/10/210/391.pbf [32m200[0m 3.622 ms - 2285[0m
[0mGET /data/co_power_lines/10/210/392.pbf [32m200[0m 3.588 ms - 2969[0m
[0mGET /data/co_power_lines/10/210/390.pbf [32m200[0m 3.926 ms - 5104[0m
[0mGET /data/co_roads/10/213/390.pbf [32m200[0m 25.447 ms - 158530[0m
[0mGET /data/co_roads/10/210/391.pbf [32m200[0m 15.944 ms - 65622[0m
[0mGET /data/co_roads/10/210/392.pbf [32m200[0m 16.418 ms - 79756[0m
[0mGET /data/co_roads/10/210/390.pbf [32m200[0m 15.450 ms - 70013[0m
[0mGET /data/co_power_lines/9/106/195.pbf [32m200[0m 2.921 ms - 29453[0m
[0mGET /data/co_power_lines/9/105/195.pbf [32m200[0m 0.989 ms - 8156[0m
[0mGET /data/co_power_lines/9/106/196.pbf [32m200[0m 2.027 ms - 21942[0m
[0mGET /data/co_power_lines/9/105/196.pbf [32m200[0m 0.611 ms - 4623[0m
[0mGET /data/co_power_lines/9/107/195.pbf [32m200[0m 2.174 ms - 25479[0m
[0mGET /data/co_power_lines/9/107/196.pbf [32m200[0m 2.026 ms - 24344[0m
[0mGET /data/co_roads/9/105/196.pbf [32m200[0m 27.989 ms - 165740[0m
[0mGET /data/co_roads/9/107/196.pbf [32m200[0m 33.488 ms - 197826[0m
[0mGET /data/co_roads/9/105/195.pbf [32m200[0m 33.601 ms - 193799[0m
[0mGET /data/co_roads/9/106/196.pbf [32m200[0m 39.160 ms - 267633[0m
[0mGET /data/co_roads/9/107/195.pbf [32m200[0m 39.614 ms - 247340[0m
[0mGET /data/co_roads/9/106/195.pbf [32m200[0m 48.762 ms - 314603[0m
[0mGET /data/co_power_lines/9/104/196.pbf [32m200[0m 2.247 ms - 4315[0m
[0mGET /data/co_power_lines/9/104/195.pbf [32m200[0m 8.101 ms - 7740[0m
[0mGET /data/co_power_lines/8/52/97.pbf [32m200[0m 4.525 ms - 29137[0m
[0mGET /data/co_power_lines/8/53/98.pbf [32m200[0m 4.878 ms - 29650[0m
[0mGET /data/co_power_lines/8/53/97.pbf [32m200[0m 12.283 ms - 91068[0m
[0mGET /data/co_power_lines/8/54/97.pbf [32m200[0m 3.814 ms - 16386[0m
[0mGET /data/co_power_lines/8/51/97.pbf [32m200[0m 4.055 ms - 16965[0m
[0mGET /data/co_power_lines/8/51/98.pbf [32m200[0m 1.427 ms - 9220[0m
[0mGET /data/co_power_lines/6/14/24.pbf [32m200[0m 2.660 ms - 5572[0m
[0mGET /data/co_power_lines/6/12/24.pbf [32m200[0m 6.451 ms - 33648[0m
[0mGET /data/co_power_lines/6/13/24.pbf [32m200[0m 19.290 ms - 124669[0m
[0mGET /data/co_power_lines/6/12/23.pbf [32m200[0m 2.145 ms - 8717[0m
[0mGET /data/co_power_lines/6/13/23.pbf [32m200[0m 6.298 ms - 38313[0m
[0mGET /data/co_power_lines/6/14/23.pbf [32m200[0m 1.534 ms - 1349[0m
[0mGET /data/co_power_lines/6/11/24.pbf [32m204[0m 0.689 ms - -[0m
[0mGET /data/co_power_lines/6/11/25.pbf [32m204[0m 1.053 ms - -[0m
[0mGET /data/co_power_lines/6/11/23.pbf [32m204[0m 1.379 ms - -[0m
[0mGET /data/co_power_lines/6/14/25.pbf [32m200[0m 2.175 ms - 845[0m
[0mGET /data/co_power_lines/6/12/25.pbf [32m200[0m 3.211 ms - 6781[0m
[0mGET /data/co_power_lines/6/13/25.pbf [32m200[0m 3.276 ms - 7924[0m
[0mGET /data/co_power_lines/6/15/24.pbf [32m204[0m 0.832 ms - -[0m
[0mGET /data/co_power_lines/6/15/25.pbf [32m204[0m 1.006 ms - -[0m
[0mGET /data/co_power_lines/6/15/23.pbf [32m204[0m 1.786 ms - -[0m
[0mGET /data/co_power_lines/6/13/25.pbf [32m200[0m 4.693 ms - 7924[0m
[0mGET /data/co_power_lines/6/12/25.pbf [32m200[0m 4.768 ms - 6781[0m
[0mGET /data/co_power_lines/8/50/98.pbf [32m200[0m 2.050 ms - 5825[0m
[0mGET /data/co_power_lines/8/50/97.pbf [32m200[0m 2.915 ms - 11875[0m
[0mGET /data/co_power_lines/9/103/196.pbf [32m200[0m 4.088 ms - 2436[0m
[0mGET /data/co_power_lines/9/103/197.pbf [32m200[0m 3.986 ms - 1453[0m
[0mGET /data/co_power_lines/9/102/196.pbf [32m200[0m 5.295 ms - 4404[0m
[0mGET /data/co_power_lines/9/103/195.pbf [32m200[0m 6.411 ms - 4449[0m
[0mGET /data/co_power_lines/9/102/197.pbf [32m200[0m 6.842 ms - 3529[0m
[0mGET /data/co_power_lines/9/104/197.pbf [32m200[0m 5.403 ms - 3527[0m
[0mGET /data/co_power_lines/9/101/197.pbf [32m200[0m 2.488 ms - 1959[0m
[0mGET /data/co_power_lines/9/102/195.pbf [32m200[0m 5.361 ms - 7905[0m
[0mGET /data/co_power_lines/9/104/195.pbf [32m200[0m 3.957 ms - 7740[0m
[0mGET /data/co_power_lines/9/101/195.pbf [32m200[0m 3.657 ms - 6938[0m
[0mGET /data/co_power_lines/9/101/196.pbf [32m200[0m 2.790 ms - 1741[0m
[0mGET /data/co_power_lines/10/206/392.pbf [32m200[0m 3.289 ms - 706[0m
[0mGET /data/co_power_lines/10/206/393.pbf [32m200[0m 4.149 ms - 1371[0m
[0mGET /data/co_power_lines/10/207/393.pbf [32m200[0m 3.644 ms - 1353[0m
[0mGET /data/co_power_lines/10/207/392.pbf [32m200[0m 3.428 ms - 1155[0m
[0mGET /data/co_power_lines/10/204/393.pbf [32m200[0m 4.016 ms - 2718[0m
[0mGET /data/co_power_lines/10/205/393.pbf [32m200[0m 5.046 ms - 3564[0m
[0mGET /data/co_power_lines/10/205/392.pbf [32m200[0m 1.351 ms - 1287[0m
[0mGET /data/co_power_lines/10/204/392.pbf [32m200[0m 1.071 ms - 1915[0m
[0mGET /data/co_power_lines/9/101/196.pbf [32m200[0m 2.291 ms - 1741[0m
[0mGET /data/co_power_lines/9/101/197.pbf [32m200[0m 4.475 ms - 1959[0m
[0mGET /data/co_power_lines/6/14/23.pbf [32m200[0m 1.162 ms - 1349[0m
[0mGET /data/co_power_lines/6/14/24.pbf [32m200[0m 3.018 ms - 5572[0m
[0mGET /data/co_power_lines/6/12/23.pbf [32m200[0m 5.511 ms - 8717[0m
[0mGET /data/co_power_lines/6/11/24.pbf [32m204[0m 1.669 ms - -[0m
[0mGET /data/co_power_lines/6/11/23.pbf [32m204[0m 1.060 ms - -[0m
[0mGET /data/co_power_lines/6/12/24.pbf [32m200[0m 11.220 ms - 33648[0m
[0mGET /data/co_power_lines/6/13/23.pbf [32m200[0m 12.590 ms - 38313[0m
[0mGET /data/co_power_lines/6/13/24.pbf [32m200[0m 25.389 ms - 124669[0m
[0mGET /data/co_roads/6/11/24.pbf [32m204[0m 1.210 ms - -[0m
[0mGET /data/co_roads/6/14/23.pbf [32m200[0m 16.927 ms - 14275[0m
[0mGET /data/co_roads/6/11/23.pbf [32m204[0m 0.912 ms - -[0m
[0mGET /data/co_roads/6/14/24.pbf [32m200[0m 29.181 ms - 43666[0m
[0mGET /data/co_roads/6/12/23.pbf [32m200[0m 35.049 ms - 79152[0m
[0mGET /data/co_roads/6/13/23.pbf [32m200[0m 41.910 ms - 127499[0m
[0mGET /data/co_roads/6/12/24.pbf [32m200[0m 58.194 ms - 276896[0m
[0mGET /data/co_roads/6/13/24.pbf [32m200[0m 77.304 ms - 445067[0m
[0mGET /data/co_roads/7/27/49.pbf [32m200[0m 47.510 ms - 183774[0m
[0mGET /data/co_roads/7/27/48.pbf [32m200[0m 54.045 ms - 224180[0m
[0mGET /data/co_roads/7/25/49.pbf [32m200[0m 57.039 ms - 257284[0m
[0mGET /data/co_roads/7/25/48.pbf [32m200[0m 59.584 ms - 313011[0m
[0mGET /data/co_roads/7/26/49.pbf [32m200[0m 67.721 ms - 363577[0m
[0mGET /data/co_roads/7/26/48.pbf [32m200[0m 78.547 ms - 432446[0m
[0mGET /data/co_roads/8/51/97.pbf [32m200[0m 50.948 ms - 304517[0m
[0mGET /data/co_roads/8/51/98.pbf [32m200[0m 51.834 ms - 296615[0m
[0mGET /data/co_roads/8/52/98.pbf [32m200[0m 57.374 ms - 326506[0m
[0mGET /data/co_roads/8/53/98.pbf [32m200[0m 60.324 ms - 360528[0m
[0mGET /data/co_roads/8/52/97.pbf [32m200[0m 65.679 ms - 396007[0m
[0mGET /data/co_roads/8/53/97.pbf [32m200[0m 71.460 ms - 435209[0m
[0mGET /data/co_roads/9/104/197.pbf [32m200[0m 22.517 ms - 106375[0m
[0mGET /data/co_roads/9/104/195.pbf [32m200[0m 27.281 ms - 138599[0m
[0mGET /data/co_roads/9/104/196.pbf [32m200[0m 29.900 ms - 150114[0m
[0mGET /data/co_roads/9/103/196.pbf [32m200[0m 32.072 ms - 146741[0m
[0mGET /data/co_roads/9/105/196.pbf [32m200[0m 34.557 ms - 165740[0m
[0mGET /data/co_roads/9/105/195.pbf [32m200[0m 39.793 ms - 193799[0m
[0mGET /data/co_roads/9/105/197.pbf [32m200[0m 15.735 ms - 107517[0m
[0mGET /data/co_roads/9/103/195.pbf [32m200[0m 16.628 ms - 122472[0m
[0mGET /data/co_roads/9/103/197.pbf [32m200[0m 15.542 ms - 98787[0m
[0mGET /data/co_roads/9/106/197.pbf [32m200[0m 19.386 ms - 168308[0m
[0mGET /data/co_roads/9/106/196.pbf [32m200[0m 34.597 ms - 267633[0m
[0mGET /data/co_roads/9/106/195.pbf [32m200[0m 35.701 ms - 314603[0m
[0mGET /data/co_roads/10/209/393.pbf [32m200[0m 10.759 ms - 49955[0m
[0mGET /data/co_roads/10/210/393.pbf [32m200[0m 12.283 ms - 58288[0m
[0mGET /data/co_roads/10/208/393.pbf [32m200[0m 14.122 ms - 63174[0m
[0mGET /data/co_roads/10/208/392.pbf [32m200[0m 15.492 ms - 64713[0m
[0mGET /data/co_roads/10/207/393.pbf [32m200[0m 15.337 ms - 70019[0m
[0mGET /data/co_roads/10/210/392.pbf [32m200[0m 17.186 ms - 79756[0m
[0mGET /data/co_roads/10/207/392.pbf [32m200[0m 10.230 ms - 55076[0m
[0mGET /data/co_roads/10/209/392.pbf [32m200[0m 11.895 ms - 67376[0m
[0mGET /data/co_roads/9/103/195.pbf [32m200[0m 16.779 ms - 122472[0m
[0mGET /data/co_roads/9/105/195.pbf [32m200[0m 33.828 ms - 193799[0m
[0mGET /data/co_roads/9/103/197.pbf [32m200[0m 18.902 ms - 98787[0m
[0mGET /data/co_roads/9/105/197.pbf [32m200[0m 20.127 ms - 107517[0m
[0mGET /data/co_roads/9/106/197.pbf [32m200[0m 27.272 ms - 168308[0m
[0mGET /data/co_roads/9/106/196.pbf [32m200[0m 37.928 ms - 267633[0m
[0mGET /data/co_roads/9/106/195.pbf [32m200[0m 44.348 ms - 314603[0m
[0mGET /data/co_roads/8/50/97.pbf [0m-[0m - ms - -[0m
[0mGET /data/co_roads/8/50/98.pbf [0m-[0m - ms - -[0m
[0mGET /data/co_roads/7/25/49.pbf [32m200[0m 34.671 ms - 257284[0m
[0mGET /data/co_roads/7/25/48.pbf [32m200[0m 36.069 ms - 313011[0m
[0mGET /data/co_roads/7/27/49.pbf [32m200[0m 29.409 ms - 183774[0m
[0mGET /data/co_roads/7/26/49.pbf [32m200[0m 46.817 ms - 363577[0m
[0mGET /data/co_roads/7/26/48.pbf [32m200[0m 52.949 ms - 432446[0m
[0mGET /data/co_roads/7/27/48.pbf [32m200[0m 38.698 ms - 224180[0m
[0mGET /data/co_roads/7/24/49.pbf [32m200[0m 1.178 ms - 11020[0m
[0mGET /data/co_roads/7/24/48.pbf [32m200[0m 3.123 ms - 11171[0m
[0mGET /data/co_roads/8/54/97.pbf [32m200[0m 26.415 ms - 185080[0m
[0mGET /data/co_roads/8/54/98.pbf [32m200[0m 27.279 ms - 181698[0m
[0mGET /data/co_roads/9/108/195.pbf [0m-[0m - ms - -[0m
[0mGET /data/co_roads/9/105/195.pbf [32m200[0m 33.090 ms - 193799[0m
[0mGET /data/co_roads/9/107/196.pbf [32m200[0m 34.703 ms - 197826[0m
[0mGET /data/co_roads/9/106/196.pbf [32m200[0m 41.376 ms - 267633[0m
[0mGET /data/co_roads/9/107/195.pbf [32m200[0m 45.869 ms - 247340[0m
[0mGET /data/co_roads/9/106/195.pbf [32m200[0m 52.334 ms - 314603[0m
[0mGET /data/co_roads/10/211/392.pbf [0m-[0m - ms - -[0m
[0mGET /data/co_roads/10/211/391.pbf [0m-[0m - ms - -[0m
[0mGET /data/co_roads/10/212/392.pbf [32m200[0m 19.044 ms - 85096[0m
[0mGET /data/co_roads/10/212/391.pbf [32m200[0m 28.870 ms - 127269[0m
[0mGET /data/co_roads/10/214/392.pbf [32m200[0m 29.612 ms - 139990[0m
[0mGET /data/co_roads/10/213/392.pbf [32m200[0m 34.788 ms - 165734[0m
[0mGET /data/co_roads/10/213/391.pbf [32m200[0m 50.685 ms - 253855[0m
[0mGET /data/co_roads/10/214/391.pbf [32m200[0m 46.347 ms - 233215[0m
[0mGET /data/co_roads/11/426/785.pbf [32m200[0m 4.405 ms - 22414[0m
[0mGET /data/co_roads/11/426/784.pbf [32m200[0m 6.231 ms - 33647[0m
[0mGET /data/co_roads/11/427/785.pbf [32m200[0m 7.632 ms - 36161[0m
[0mGET /data/co_roads/11/426/783.pbf [32m200[0m 11.647 ms - 62742[0m
[0mGET /data/co_roads/11/427/783.pbf [0m-[0m - ms - -[0m
[0mGET /data/co_roads/11/425/785.pbf [32m200[0m 4.429 ms - 20526[0m
[0mGET /data/co_roads/11/428/785.pbf [32m200[0m 9.637 ms - 53210[0m
[0mGET /data/co_roads/11/425/784.pbf [32m200[0m 6.034 ms - 49980[0m
[0mGET /data/co_roads/11/425/783.pbf [32m200[0m 12.857 ms - 78715[0m
[0mGET /data/co_roads/11/427/784.pbf [32m200[0m 30.665 ms - 201572[0m
[0mGET /data/co_roads/11/428/784.pbf [32m200[0m 27.385 ms - 179764[0m
[0mGET /data/co_roads/11/428/783.pbf [0m-[0m - ms - -[0m
[0mGET /data/co_roads/12/853/1569.pbf [32m200[0m 14.474 ms - 7372[0m
[0mGET /data/co_roads/12/854/1569.pbf [32m200[0m 16.136 ms - 21683[0m
[0mGET /data/co_roads/12/853/1568.pbf [32m200[0m 12.941 ms - 9147[0m
[0mGET /data/co_roads/12/855/1569.pbf [32m200[0m 28.896 ms - 86541[0m
[0mGET /data/co_roads/12/854/1568.pbf [32m200[0m 11.944 ms - 89205[0m
[0mGET /data/co_roads/12/856/1569.pbf [32m200[0m 29.296 ms - 112839[0m
[0mGET /data/co_roads/12/856/1568.pbf [32m200[0m 25.526 ms - 181929[0m
[0mGET /data/co_roads/12/855/1568.pbf [32m200[0m 54.648 ms - 294111[0m
[0mGET /data/co_roads/11/426/783.pbf [32m200[0m 10.178 ms - 62742[0m
[0mGET /data/co_roads/11/427/783.pbf [0m-[0m - ms - -[0m
[0mGET /data/co_roads/11/425/784.pbf [0m-[0m - ms - -[0m
[0mGET /data/co_roads/11/428/783.pbf [0m-[0m - ms - -[0m
[0mGET /data/co_roads/10/213/391.pbf [32m200[0m 26.086 ms - 253855[0m
[0mGET /data/co_roads/10/214/391.pbf [32m200[0m 26.108 ms - 233215[0m
[0mGET /data/co_roads/10/211/392.pbf [0m-[0m - ms - -[0m
[0mGET /data/co_roads/10/211/391.pbf [0m-[0m - ms - -[0m
[0mGET /data/co_roads/6/11/25.pbf [32m204[0m 0.605 ms - -[0m
[0mGET /data/co_roads/6/14/25.pbf [32m200[0m 3.652 ms - 9110[0m
[0mGET /data/co_roads/6/12/25.pbf [32m200[0m 9.529 ms - 49475[0m
[0mGET /data/co_roads/6/13/25.pbf [32m200[0m 14.293 ms - 79691[0m
[0mGET /data/co_roads/6/11/24.pbf [32m204[0m 4.607 ms - -[0m
[0mGET /data/co_roads/6/14/24.pbf [32m200[0m 38.583 ms - 43666[0m
[0mGET /data/co_roads/6/11/23.pbf [32m204[0m 0.508 ms - -[0m
[0mGET /data/co_roads/6/14/23.pbf [32m200[0m 5.324 ms - 14275[0m
[0mGET /data/co_roads/6/12/23.pbf [32m200[0m 44.521 ms - 79152[0m
[0mGET /data/co_roads/6/13/23.pbf [32m200[0m 59.291 ms - 127499[0m
[0mGET /data/co_roads/6/12/24.pbf [32m200[0m 74.224 ms - 276896[0m
[0mGET /data/co_roads/6/13/24.pbf [32m200[0m 96.483 ms - 445067[0m
[0mGET /data/co_power_lines/8/52/98.pbf [32m200[0m 13.582 ms - 10802[0m
[0mGET /data/co_power_lines/8/54/98.pbf [32m200[0m 12.450 ms - 9371[0m
[0mGET /data/co_power_lines/8/51/98.pbf [32m200[0m 13.580 ms - 9220[0m
[0mGET /data/co_power_lines/8/53/98.pbf [32m200[0m 19.666 ms - 29650[0m
[0mGET /data/co_power_lines/8/53/99.pbf [32m200[0m 2.382 ms - 3944[0m
[0mGET /data/co_power_lines/8/54/99.pbf [32m200[0m 2.762 ms - 2500[0m
[0mGET /data/co_power_lines/8/52/99.pbf [32m200[0m 4.363 ms - 5476[0m
[0mGET /data/co_power_lines/8/51/99.pbf [32m200[0m 4.474 ms - 7125[0m
[0mGET /data/co_power_lines/7/25/49.pbf [32m200[0m 3.397 ms - 17795[0m
[0mGET /data/co_power_lines/7/27/49.pbf [32m200[0m 4.523 ms - 27381[0m
[0mGET /data/co_power_lines/7/26/49.pbf [32m200[0m 6.327 ms - 40883[0m
[0mGET /data/co_power_lines/7/26/48.pbf [32m200[0m 19.742 ms - 123780[0m
[0mGET /data/co_power_lines/7/25/48.pbf [32m200[0m 4.732 ms - 25856[0m
[0mGET /data/co_power_lines/6/14/25.pbf [32m200[0m 2.711 ms - 845[0m
[0mGET /data/co_power_lines/6/14/24.pbf [32m200[0m 2.426 ms - 5572[0m
[0mGET /data/co_power_lines/6/13/25.pbf [32m200[0m 3.861 ms - 7924[0m
[0mGET /data/co_power_lines/6/11/24.pbf [32m204[0m 1.036 ms - -[0m
[0mGET /data/co_power_lines/6/12/25.pbf [32m200[0m 4.211 ms - 6781[0m
[0mGET /data/co_power_lines/6/11/25.pbf [32m204[0m 0.735 ms - -[0m
[0mGET /data/co_power_lines/6/12/24.pbf [32m200[0m 8.764 ms - 33648[0m
[0mGET /data/co_power_lines/6/13/24.pbf [32m200[0m 21.362 ms - 124669[0m
[0mGET /data/co_power_lines/6/11/23.pbf [32m204[0m 3.711 ms - -[0m
[0mGET /data/co_power_lines/6/14/23.pbf [32m200[0m 6.793 ms - 1349[0m
[0mGET /data/co_power_lines/6/12/23.pbf [32m200[0m 9.697 ms - 8717[0m
[0mGET /data/co_power_lines/6/13/23.pbf [32m200[0m 18.381 ms - 38313[0m
[0mGET /data/co_power_lines/6/13/23.pbf [32m200[0m 7.461 ms - 38313[0m
[0mGET /data/co_power_lines/7/24/48.pbf [0m-[0m - ms - -[0m
[0mGET /data/co_power_lines/7/24/49.pbf [0m-[0m - ms - -[0m
[0mGET /data/co_power_lines/7/25/48.pbf [32m200[0m 8.644 ms - 25856[0m
[0mGET /data/co_power_lines/7/26/49.pbf [32m200[0m 12.038 ms - 40883[0m
[0mGET /data/co_power_lines/7/27/48.pbf [32m200[0m 11.256 ms - 53630[0m
[0mGET /data/co_power_lines/7/26/48.pbf [32m200[0m 21.515 ms - 123780[0m
[0mGET /data/co_power_lines/8/51/97.pbf [32m200[0m 3.578 ms - 16965[0m
[0mGET /data/co_power_lines/8/54/97.pbf [32m200[0m 3.685 ms - 16386[0m
[0mGET /data/co_power_lines/8/52/97.pbf [32m200[0m 6.589 ms - 29137[0m
[0mGET /data/co_power_lines/8/53/97.pbf [32m200[0m 16.972 ms - 91068[0m
[0mGET /data/co_power_lines/8/54/97.pbf [32m200[0m 5.251 ms - 16386[0m
[0mGET /data/co_power_lines/7/24/49.pbf [32m200[0m 2.231 ms - 220[0m
[0mGET /data/co_power_lines/7/24/48.pbf [32m200[0m 2.195 ms - 1112[0m
[0mGET /data/co_power_lines/6/13/23.pbf [32m200[0m 5.376 ms - 38313[0m
